2015-02-16 10:55:22 [-][-][-][error][yii\db\Exception] exception 'PDOException' with message 'SQLSTATE[42000] [1049] Unknown database 'priemnaya'' in /var/www/priemnaya/vendor/yiisoft/yii2/db/Connection.php:579
Stack trace:
#0 /var/www/priemnaya/vendor/yiisoft/yii2/db/Connection.php(579): PDO->__construct('mysql:host=loca...', 'root', '12345', NULL)
#1 /var/www/priemnaya/vendor/yiisoft/yii2/db/Connection.php(529): yii\db\Connection->createPdoInstance()
#2 /var/www/priemnaya/vendor/yiisoft/yii2/db/Connection.php(836): yii\db\Connection->open()
#3 /var/www/priemnaya/vendor/yiisoft/yii2/db/Connection.php(823): yii\db\Connection->getMasterPdo()
#4 /var/www/priemnaya/vendor/yiisoft/yii2/db/Command.php(208): yii\db\Connection->getSlavePdo()
#5 /var/www/priemnaya/vendor/yiisoft/yii2/db/Command.php(815): yii\db\Command->prepare(true)
#6 /var/www/priemnaya/vendor/yiisoft/yii2/db/Command.php(350): yii\db\Command->queryInternal('fetchAll', NULL)
#7 /var/www/priemnaya/vendor/yiisoft/yii2/db/mysql/Schema.php(198): yii\db\Command->queryAll()
#8 /var/www/priemnaya/vendor/yiisoft/yii2/db/mysql/Schema.php(97): yii\db\mysql\Schema->findColumns(Object(yii\db\TableSchema))
#9 /var/www/priemnaya/vendor/yiisoft/yii2/db/Schema.php(139): yii\db\mysql\Schema->loadTableSchema('migration')
#10 /var/www/priemnaya/vendor/yiisoft/yii2/console/controllers/MigrateController.php(126): yii\db\Schema->getTableSchema('{{%migration}}', true)
#11 /var/www/priemnaya/vendor/yiisoft/yii2/console/controllers/BaseMigrateController.php(607): yii\console\controllers\MigrateController->getMigrationHistory(NULL)
#12 /var/www/priemnaya/vendor/yiisoft/yii2/console/controllers/BaseMigrateController.php(99): yii\console\controllers\BaseMigrateController->getNewMigrations()
#13 [internal function]: yii\console\controllers\BaseMigrateController->actionUp(0)
#14 /var/www/priemnaya/vendor/yiisoft/yii2/base/InlineAction.php(55): call_user_func_array(Array, Array)
#15 /var/www/priemnaya/vendor/yiisoft/yii2/base/Controller.php(151): yii\base\InlineAction->runWithParams(Array)
#16 /var/www/priemnaya/vendor/yiisoft/yii2/console/Controller.php(91): yii\base\Controller->runAction('', Array)
#17 /var/www/priemnaya/vendor/yiisoft/yii2/base/Module.php(455): yii\console\Controller->runAction('', Array)
#18 /var/www/priemnaya/vendor/yiisoft/yii2/console/Application.php(161): yii\base\Module->runAction('migrate', Array)
#19 /var/www/priemnaya/vendor/yiisoft/yii2/console/Application.php(137): yii\console\Application->runAction('migrate', Array)
#20 /var/www/priemnaya/vendor/yiisoft/yii2/base/Application.php(375): yii\console\Application->handleRequest(Object(yii\console\Request))
#21 /var/www/priemnaya/yii(31): yii\base\Application->run()
#22 {main}

Next exception 'yii\db\Exception' with message 'SQLSTATE[42000] [1049] Unknown database 'priemnaya'' in /var/www/priemnaya/vendor/yiisoft/yii2/db/Connection.php:534
Stack trace:
#0 /var/www/priemnaya/vendor/yiisoft/yii2/db/Connection.php(836): yii\db\Connection->open()
#1 /var/www/priemnaya/vendor/yiisoft/yii2/db/Connection.php(823): yii\db\Connection->getMasterPdo()
#2 /var/www/priemnaya/vendor/yiisoft/yii2/db/Command.php(208): yii\db\Connection->getSlavePdo()
#3 /var/www/priemnaya/vendor/yiisoft/yii2/db/Command.php(815): yii\db\Command->prepare(true)
#4 /var/www/priemnaya/vendor/yiisoft/yii2/db/Command.php(350): yii\db\Command->queryInternal('fetchAll', NULL)
#5 /var/www/priemnaya/vendor/yiisoft/yii2/db/mysql/Schema.php(198): yii\db\Command->queryAll()
#6 /var/www/priemnaya/vendor/yiisoft/yii2/db/mysql/Schema.php(97): yii\db\mysql\Schema->findColumns(Object(yii\db\TableSchema))
#7 /var/www/priemnaya/vendor/yiisoft/yii2/db/Schema.php(139): yii\db\mysql\Schema->loadTableSchema('migration')
#8 /var/www/priemnaya/vendor/yiisoft/yii2/console/controllers/MigrateController.php(126): yii\db\Schema->getTableSchema('{{%migration}}', true)
#9 /var/www/priemnaya/vendor/yiisoft/yii2/console/controllers/BaseMigrateController.php(607): yii\console\controllers\MigrateController->getMigrationHistory(NULL)
#10 /var/www/priemnaya/vendor/yiisoft/yii2/console/controllers/BaseMigrateController.php(99): yii\console\controllers\BaseMigrateController->getNewMigrations()
#11 [internal function]: yii\console\controllers\BaseMigrateController->actionUp(0)
#12 /var/www/priemnaya/vendor/yiisoft/yii2/base/InlineAction.php(55): call_user_func_array(Array, Array)
#13 /var/www/priemnaya/vendor/yiisoft/yii2/base/Controller.php(151): yii\base\InlineAction->runWithParams(Array)
#14 /var/www/priemnaya/vendor/yiisoft/yii2/console/Controller.php(91): yii\base\Controller->runAction('', Array)
#15 /var/www/priemnaya/vendor/yiisoft/yii2/base/Module.php(455): yii\console\Controller->runAction('', Array)
#16 /var/www/priemnaya/vendor/yiisoft/yii2/console/Application.php(161): yii\base\Module->runAction('migrate', Array)
#17 /var/www/priemnaya/vendor/yiisoft/yii2/console/Application.php(137): yii\console\Application->runAction('migrate', Array)
#18 /var/www/priemnaya/vendor/yiisoft/yii2/base/Application.php(375): yii\console\Application->handleRequest(Object(yii\console\Request))
#19 /var/www/priemnaya/yii(31): yii\base\Application->run()
#20 {main}
Additional Information:

2015-02-16 10:55:22 [-][-][-][info][application] $_SERVER = [
    'XDG_SESSION_ID' => '7'
    'rvm_bin_path' => '/usr/local/rvm/bin'
    'GEM_HOME' => '/usr/local/rvm/gems/ruby-2.1.3'
    'TERM' => 'xterm-256color'
    'SHELL' => '/bin/bash'
    'IRBRC' => '/usr/local/rvm/rubies/ruby-2.1.3/.irbrc'
    'SSH_CLIENT' => '192.168.1.104 53411 22'
    'OLDPWD' => '/var/www'
    'MY_RUBY_HOME' => '/usr/local/rvm/rubies/ruby-2.1.3'
    'SSH_TTY' => '/dev/pts/0'
    'USER' => 'root'
    'LS_COLORS' => 'rs=0:di=01;34:ln=01;36:mh=00:pi=40;33:so=01;35:do=01;35:bd=40;33;01:cd=40;33;01:or=40;31;01:su=37;41:sg=30;43:ca=30;41:tw=30;42:ow=34;42:st=37;44:ex=01;32:*.tar=01;31:*.tgz=01;31:*.arj=01;31:*.taz=01;31:*.lzh=01;31:*.lzma=01;31:*.tlz=01;31:*.txz=01;31:*.zip=01;31:*.z=01;31:*.Z=01;31:*.dz=01;31:*.gz=01;31:*.lz=01;31:*.xz=01;31:*.bz2=01;31:*.bz=01;31:*.tbz=01;31:*.tbz2=01;31:*.tz=01;31:*.deb=01;31:*.rpm=01;31:*.jar=01;31:*.war=01;31:*.ear=01;31:*.sar=01;31:*.rar=01;31:*.ace=01;31:*.zoo=01;31:*.cpio=01;31:*.7z=01;31:*.rz=01;31:*.jpg=01;35:*.jpeg=01;35:*.gif=01;35:*.bmp=01;35:*.pbm=01;35:*.pgm=01;35:*.ppm=01;35:*.tga=01;35:*.xbm=01;35:*.xpm=01;35:*.tif=01;35:*.tiff=01;35:*.png=01;35:*.svg=01;35:*.svgz=01;35:*.mng=01;35:*.pcx=01;35:*.mov=01;35:*.mpg=01;35:*.mpeg=01;35:*.m2v=01;35:*.mkv=01;35:*.webm=01;35:*.ogm=01;35:*.mp4=01;35:*.m4v=01;35:*.mp4v=01;35:*.vob=01;35:*.qt=01;35:*.nuv=01;35:*.wmv=01;35:*.asf=01;35:*.rm=01;35:*.rmvb=01;35:*.flc=01;35:*.avi=01;35:*.fli=01;35:*.flv=01;35:*.gl=01;35:*.dl=01;35:*.xcf=01;35:*.xwd=01;35:*.yuv=01;35:*.cgm=01;35:*.emf=01;35:*.axv=01;35:*.anx=01;35:*.ogv=01;35:*.ogx=01;35:*.aac=00;36:*.au=00;36:*.flac=00;36:*.mid=00;36:*.midi=00;36:*.mka=00;36:*.mp3=00;36:*.mpc=00;36:*.ogg=00;36:*.ra=00;36:*.wav=00;36:*.axa=00;36:*.oga=00;36:*.spx=00;36:*.xspf=00;36:'
    '_system_type' => 'Linux'
    'rvm_path' => '/usr/local/rvm'
    'rvm_prefix' => '/usr/local'
    'MAIL' => '/var/mail/root'
    'PATH' => '/usr/local/rvm/gems/ruby-2.1.3/bin:/usr/local/rvm/gems/ruby-2.1.3@global/bin:/usr/local/rvm/rubies/ruby-2.1.3/bin:/usr/local/sbin:/usr/local/bin:/usr/sbin:/usr/bin:/sbin:/bin:/usr/games:/usr/local/games:/usr/local/rvm/bin'
    'PWD' => '/var/www/priemnaya'
    'LANG' => 'en_US.UTF-8'
    'NODE_PATH' => '/usr/lib/nodejs:/usr/lib/node_modules:/usr/share/javascript'
    '_system_arch' => 'x86_64'
    '_system_version' => '14.04'
    'rvm_version' => '1.26.3 (latest)'
    'SHLVL' => '1'
    'HOME' => '/root'
    'LOGNAME' => 'root'
    'GEM_PATH' => '/usr/local/rvm/gems/ruby-2.1.3:/usr/local/rvm/gems/ruby-2.1.3@global'
    'SSH_CONNECTION' => '192.168.1.104 53411 192.168.1.102 22'
    'LESSOPEN' => '| /usr/bin/lesspipe %s'
    'XDG_RUNTIME_DIR' => '/run/user/0'
    'LESSCLOSE' => '/usr/bin/lesspipe %s %s'
    'RUBY_VERSION' => 'ruby-2.1.3'
    '_system_name' => 'Ubuntu'
    '_' => '/usr/bin/php'
    'PHP_SELF' => 'yii'
    'SCRIPT_NAME' => 'yii'
    'SCRIPT_FILENAME' => 'yii'
    'PATH_TRANSLATED' => 'yii'
    'DOCUMENT_ROOT' => ''
    'REQUEST_TIME_FLOAT' => 1424084122.7291
    'REQUEST_TIME' => 1424084122
    'argv' => [
        0 => 'yii'
        1 => 'migrate'
    ]
    'argc' => 2
]
