2015-02-16 11:02:27 [192.168.1.104][-][0ojs9q3cbtnl2jgct46ectvu42][warning][yii\log\Dispatcher::dispatch] Unable to send log via yii\debug\LogTarget: Exception (Invalid Configuration) 'yii\base\InvalidConfigException' with message 'The directory does not exist: /var/www/priemnaya/backend/web/assets' 

in /var/www/priemnaya/vendor/yiisoft/yii2/web/AssetManager.php:166

Stack trace:
#0 /var/www/priemnaya/vendor/yiisoft/yii2/base/Object.php(107): yii\web\AssetManager->init()
#1 [internal function]: yii\base\Object->__construct(Array)
#2 /var/www/priemnaya/vendor/yiisoft/yii2/di/Container.php(362): ReflectionClass->newInstanceArgs(Array)
#3 /var/www/priemnaya/vendor/yiisoft/yii2/di/Container.php(147): yii\di\Container->build('yii\web\AssetMa...', Array, Array)
#4 /var/www/priemnaya/vendor/yiisoft/yii2/BaseYii.php(344): yii\di\Container->get('yii\web\AssetMa...', Array, Array)
#5 /var/www/priemnaya/vendor/yiisoft/yii2/di/ServiceLocator.php(133): yii\BaseYii::createObject(Array)
#6 /var/www/priemnaya/vendor/yiisoft/yii2/base/Application.php(600): yii\di\ServiceLocator->get('assetManager')
#7 /var/www/priemnaya/vendor/yiisoft/yii2/web/View.php(223): yii\base\Application->getAssetManager()
#8 /var/www/priemnaya/vendor/yiisoft/yii2/base/Component.php(130): yii\web\View->getAssetManager()
#9 /var/www/priemnaya/vendor/yiisoft/yii2-debug/panels/AssetPanel.php(53): yii\base\Component->__get('assetManager')
#10 /var/www/priemnaya/vendor/yiisoft/yii2-debug/LogTarget.php(55): yii\debug\panels\AssetPanel->save()
#11 /var/www/priemnaya/vendor/yiisoft/yii2-debug/LogTarget.php(112): yii\debug\LogTarget->export(Array)
#12 /var/www/priemnaya/vendor/yiisoft/yii2/log/Dispatcher.php(183): yii\debug\LogTarget->collect(Array, true)
#13 /var/www/priemnaya/vendor/yiisoft/yii2/log/Logger.php(170): yii\log\Dispatcher->dispatch(Array, true)
#14 [internal function]: yii\log\Logger->flush(true)
#15 {main}
2015-02-16 11:02:27 [192.168.1.104][-][0ojs9q3cbtnl2jgct46ectvu42][info][application] $_SESSION = [
    '__flash' => []
    '__returnUrl' => '/'
]

$_SERVER = [
    'HTTP_HOST' => 'admin.priemnaya.com'
    'HTTP_CONNECTION' => 'keep-alive'
    'HTTP_ACCEPT' => 'text/html,application/xhtml+xml,application/xml;q=0.9,image/webp,*/*;q=0.8'
    'HTTP_USER_AGENT' => 'Mozilla/5.0 (Windows NT 6.3; Win64; x64) AppleWebKit/537.36 (KHTML, like Gecko) Chrome/40.0.2214.111 Safari/537.36'
    'HTTP_ACCEPT_ENCODING' => 'gzip, deflate, sdch'
    'HTTP_ACCEPT_LANGUAGE' => 'ru-RU,ru;q=0.8,en-US;q=0.6,en;q=0.4,de;q=0.2,ro;q=0.2'
    'PATH' => '/usr/local/sbin:/usr/local/bin:/usr/sbin:/usr/bin:/sbin:/bin'
    'SERVER_SIGNATURE' => '<address>Apache/2.4.7 (Ubuntu) Server at admin.priemnaya.com Port 80</address>
'
    'SERVER_SOFTWARE' => 'Apache/2.4.7 (Ubuntu)'
    'SERVER_NAME' => 'admin.priemnaya.com'
    'SERVER_ADDR' => '192.168.1.102'
    'SERVER_PORT' => '80'
    'REMOTE_ADDR' => '192.168.1.104'
    'DOCUMENT_ROOT' => '/var/www/priemnaya/backend/web/'
    'REQUEST_SCHEME' => 'http'
    'CONTEXT_PREFIX' => ''
    'CONTEXT_DOCUMENT_ROOT' => '/var/www/priemnaya/backend/web/'
    'SERVER_ADMIN' => 'webmaster@localhost'
    'SCRIPT_FILENAME' => '/var/www/priemnaya/backend/web/index.php'
    'REMOTE_PORT' => '53755'
    'GATEWAY_INTERFACE' => 'CGI/1.1'
    'SERVER_PROTOCOL' => 'HTTP/1.1'
    'REQUEST_METHOD' => 'GET'
    'QUERY_STRING' => ''
    'REQUEST_URI' => '/'
    'SCRIPT_NAME' => '/index.php'
    'PHP_SELF' => '/index.php'
    'REQUEST_TIME_FLOAT' => 1424084547.499
    'REQUEST_TIME' => 1424084547
]
2015-02-16 11:02:27 [192.168.1.104][-][-][error][yii\base\ErrorException:256] exception 'yii\base\ErrorException' with message 'Exception (Invalid Configuration) 'yii\base\InvalidConfigException' with message 'The directory does not exist: /var/www/priemnaya/backend/web/assets' 

in /var/www/priemnaya/vendor/yiisoft/yii2/web/AssetManager.php:166

Stack trace:
#0 /var/www/priemnaya/vendor/yiisoft/yii2/base/Object.php(107): yii\web\AssetManager->init()
#1 [internal function]: yii\base\Object->__construct(Array)
#2 /var/www/priemnaya/vendor/yiisoft/yii2/di/Container.php(362): ReflectionClass->newInstanceArgs(Array)
#3 /var/www/priemnaya/vendor/yiisoft/yii2/di/Container.php(147): yii\di\Container->build('yii\web\AssetMa...', Array, Array)
#4 /var/www/priemnaya/vendor/yiisoft/yii2/BaseYii.php(344): yii\di\Container->get('yii\web\AssetMa...', Array, Array)
#5 /var/www/priemnaya/vendor/yiisoft/yii2/di/ServiceLocator.php(133): yii\BaseYii::createObject(Array)
#6 /var/www/priemnaya/vendor/yiisoft/yii2/base/Application.php(600): yii\di\ServiceLocator->get('assetManager')
#7 /var/www/priemnaya/vendor/yiisoft/yii2/web/View.php(223): yii\base\Application->getAssetManager()
#8 /var/www/priemnaya/vendor/yiisoft/yii2/web/View.php(283): yii\web\View->getAssetManager()
#9 /var/www/priemnaya/vendor/yiisoft/yii2/web/AssetBundle.php(118): yii\web\View->registerAssetBundle('yii\validators\...')
#10 /var/www/priemnaya/vendor/yiisoft/yii2/validators/RequiredValidator.php(108): yii\web\AssetBundle::register(Object(yii\web\View))
#11 /var/www/priemnaya/vendor/yiisoft/yii2/widgets/ActiveField.php(751): yii\validators\RequiredValidator->clientValidateAttribute(Object(common\models\LoginForm), 'username', Object(yii\web\View))
#12 /var/www/priemnaya/vendor/yiisoft/yii2/widgets/ActiveField.php(210): yii\widgets\ActiveField->getClientOptions()
#13 /var/www/priemnaya/vendor/yiisoft/yii2/widgets/ActiveField.php(200): yii\widgets\ActiveField->begin()
#14 /var/www/priemnaya/vendor/yiisoft/yii2-bootstrap/ActiveField.php(188): yii\widgets\ActiveField->render(NULL)
#15 /var/www/priemnaya/vendor/yiisoft/yii2/widgets/ActiveField.php(156): yii\bootstrap\ActiveField->render()
#16 /var/www/priemnaya/backend/views/site/login.php(20): yii\widgets\ActiveField->__toString()
#17 /var/www/priemnaya/vendor/yiisoft/yii2/base/View.php(325): require('/var/www/priemn...')
#18 /var/www/priemnaya/vendor/yiisoft/yii2/base/View.php(247): yii\base\View->renderPhpFile('/var/www/priemn...', Array)
#19 /var/www/priemnaya/vendor/yiisoft/yii2/base/View.php(149): yii\base\View->renderFile('/var/www/priemn...', Array, Object(backend\controllers\SiteController))
#20 /var/www/priemnaya/vendor/yiisoft/yii2/base/Controller.php(367): yii\base\View->render('login', Array, Object(backend\controllers\SiteController))
#21 /var/www/priemnaya/backend/controllers/SiteController.php(73): yii\base\Controller->render('login', Array)
#22 [internal function]: backend\controllers\SiteController->actionLogin()
#23 /var/www/priemnaya/vendor/yiisoft/yii2/base/InlineAction.php(55): call_user_func_array(Array, Array)
#24 /var/www/priemnaya/vendor/yiisoft/yii2/base/Controller.php(151): yii\base\InlineAction->runWithParams(Array)
#25 /var/www/priemnaya/vendor/yiisoft/yii2/base/Module.php(455): yii\base\Controller->runAction('login', Array)
#26 /var/www/priemnaya/vendor/yiisoft/yii2/web/Application.php(83): yii\base\Module->runAction('site/login', Array)
#27 /var/www/priemnaya/vendor/yiisoft/yii2/base/Application.php(375): yii\web\Application->handleRequest(Object(yii\web\Request))
#28 /var/www/priemnaya/backend/web/index.php(18): yii\base\Application->run()
#29 {main}' in /var/www/priemnaya/vendor/yiisoft/yii2/base/ErrorHandler.php:233
Stack trace:
#0 [internal function]: yii\base\ErrorHandler->handleError(256, 'Exception (Inva...', '/var/www/priemn...', 233, Array)
#1 /var/www/priemnaya/vendor/yiisoft/yii2/base/ErrorHandler.php(233): trigger_error('Exception (Inva...', 256)
#2 /var/www/priemnaya/vendor/yiisoft/yii2/widgets/ActiveField.php(158): yii\base\ErrorHandler::convertExceptionToError(Object(yii\base\InvalidConfigException))
#3 /var/www/priemnaya/backend/views/site/login.php(20): yii\widgets\ActiveField->__toString()
#4 /var/www/priemnaya/vendor/yiisoft/yii2/base/View.php(325): require('/var/www/priemn...')
#5 /var/www/priemnaya/vendor/yiisoft/yii2/base/View.php(247): yii\base\View->renderPhpFile('/var/www/priemn...', Array)
#6 /var/www/priemnaya/vendor/yiisoft/yii2/base/View.php(149): yii\base\View->renderFile('/var/www/priemn...', Array, Object(backend\controllers\SiteController))
#7 /var/www/priemnaya/vendor/yiisoft/yii2/base/Controller.php(367): yii\base\View->render('login', Array, Object(backend\controllers\SiteController))
#8 /var/www/priemnaya/backend/controllers/SiteController.php(73): yii\base\Controller->render('login', Array)
#9 [internal function]: backend\controllers\SiteController->actionLogin()
#10 /var/www/priemnaya/vendor/yiisoft/yii2/base/InlineAction.php(55): call_user_func_array(Array, Array)
#11 /var/www/priemnaya/vendor/yiisoft/yii2/base/Controller.php(151): yii\base\InlineAction->runWithParams(Array)
#12 /var/www/priemnaya/vendor/yiisoft/yii2/base/Module.php(455): yii\base\Controller->runAction('login', Array)
#13 /var/www/priemnaya/vendor/yiisoft/yii2/web/Application.php(83): yii\base\Module->runAction('site/login', Array)
#14 /var/www/priemnaya/vendor/yiisoft/yii2/base/Application.php(375): yii\web\Application->handleRequest(Object(yii\web\Request))
#15 /var/www/priemnaya/backend/web/index.php(18): yii\base\Application->run()
#16 {main}
    in /var/www/priemnaya/backend/views/site/login.php:20
    in /var/www/priemnaya/backend/controllers/SiteController.php:73
2015-02-16 11:02:27 [192.168.1.104][-][-][info][application] $_GET = [
    'r' => 'site/login'
]

$_COOKIE = [
    'PHPSESSID' => '0ojs9q3cbtnl2jgct46ectvu42'
]

$_SESSION = [
    '__flash' => []
    '__returnUrl' => '/'
]

$_SERVER = [
    'HTTP_HOST' => 'admin.priemnaya.com'
    'HTTP_CONNECTION' => 'keep-alive'
    'HTTP_ACCEPT' => 'text/html,application/xhtml+xml,application/xml;q=0.9,image/webp,*/*;q=0.8'
    'HTTP_USER_AGENT' => 'Mozilla/5.0 (Windows NT 6.3; Win64; x64) AppleWebKit/537.36 (KHTML, like Gecko) Chrome/40.0.2214.111 Safari/537.36'
    'HTTP_ACCEPT_ENCODING' => 'gzip, deflate, sdch'
    'HTTP_ACCEPT_LANGUAGE' => 'ru-RU,ru;q=0.8,en-US;q=0.6,en;q=0.4,de;q=0.2,ro;q=0.2'
    'HTTP_COOKIE' => 'PHPSESSID=0ojs9q3cbtnl2jgct46ectvu42'
    'PATH' => '/usr/local/sbin:/usr/local/bin:/usr/sbin:/usr/bin:/sbin:/bin'
    'SERVER_SIGNATURE' => '<address>Apache/2.4.7 (Ubuntu) Server at admin.priemnaya.com Port 80</address>
'
    'SERVER_SOFTWARE' => 'Apache/2.4.7 (Ubuntu)'
    'SERVER_NAME' => 'admin.priemnaya.com'
    'SERVER_ADDR' => '192.168.1.102'
    'SERVER_PORT' => '80'
    'REMOTE_ADDR' => '192.168.1.104'
    'DOCUMENT_ROOT' => '/var/www/priemnaya/backend/web/'
    'REQUEST_SCHEME' => 'http'
    'CONTEXT_PREFIX' => ''
    'CONTEXT_DOCUMENT_ROOT' => '/var/www/priemnaya/backend/web/'
    'SERVER_ADMIN' => 'webmaster@localhost'
    'SCRIPT_FILENAME' => '/var/www/priemnaya/backend/web/index.php'
    'REMOTE_PORT' => '53755'
    'GATEWAY_INTERFACE' => 'CGI/1.1'
    'SERVER_PROTOCOL' => 'HTTP/1.1'
    'REQUEST_METHOD' => 'GET'
    'QUERY_STRING' => 'r=site%2Flogin'
    'REQUEST_URI' => '/index.php?r=site%2Flogin'
    'SCRIPT_NAME' => '/index.php'
    'PHP_SELF' => '/index.php'
    'REQUEST_TIME_FLOAT' => 1424084547.546
    'REQUEST_TIME' => 1424084547
]
2015-02-16 11:02:27 [192.168.1.104][-][0ojs9q3cbtnl2jgct46ectvu42][warning][yii\log\Dispatcher::dispatch] Unable to send log via yii\debug\LogTarget: Exception (Invalid Configuration) 'yii\base\InvalidConfigException' with message 'The directory does not exist: /var/www/priemnaya/backend/web/assets' 

in /var/www/priemnaya/vendor/yiisoft/yii2/web/AssetManager.php:166

Stack trace:
#0 /var/www/priemnaya/vendor/yiisoft/yii2/base/Object.php(107): yii\web\AssetManager->init()
#1 [internal function]: yii\base\Object->__construct(Array)
#2 /var/www/priemnaya/vendor/yiisoft/yii2/di/Container.php(362): ReflectionClass->newInstanceArgs(Array)
#3 /var/www/priemnaya/vendor/yiisoft/yii2/di/Container.php(147): yii\di\Container->build('yii\web\AssetMa...', Array, Array)
#4 /var/www/priemnaya/vendor/yiisoft/yii2/BaseYii.php(344): yii\di\Container->get('yii\web\AssetMa...', Array, Array)
#5 /var/www/priemnaya/vendor/yiisoft/yii2/di/ServiceLocator.php(133): yii\BaseYii::createObject(Array)
#6 /var/www/priemnaya/vendor/yiisoft/yii2/base/Application.php(600): yii\di\ServiceLocator->get('assetManager')
#7 /var/www/priemnaya/vendor/yiisoft/yii2/web/View.php(223): yii\base\Application->getAssetManager()
#8 /var/www/priemnaya/vendor/yiisoft/yii2/base/Component.php(130): yii\web\View->getAssetManager()
#9 /var/www/priemnaya/vendor/yiisoft/yii2-debug/panels/AssetPanel.php(53): yii\base\Component->__get('assetManager')
#10 /var/www/priemnaya/vendor/yiisoft/yii2-debug/LogTarget.php(55): yii\debug\panels\AssetPanel->save()
#11 /var/www/priemnaya/vendor/yiisoft/yii2-debug/LogTarget.php(112): yii\debug\LogTarget->export(Array)
#12 /var/www/priemnaya/vendor/yiisoft/yii2/log/Dispatcher.php(183): yii\debug\LogTarget->collect(Array, true)
#13 /var/www/priemnaya/vendor/yiisoft/yii2/log/Logger.php(170): yii\log\Dispatcher->dispatch(Array, true)
#14 [internal function]: yii\log\Logger->flush(true)
#15 {main}
2015-02-16 11:02:27 [192.168.1.104][-][0ojs9q3cbtnl2jgct46ectvu42][info][application] $_GET = [
    'r' => 'site/login'
]

$_COOKIE = [
    'PHPSESSID' => '0ojs9q3cbtnl2jgct46ectvu42'
]

$_SESSION = [
    '__flash' => []
    '__returnUrl' => '/'
]

$_SERVER = [
    'HTTP_HOST' => 'admin.priemnaya.com'
    'HTTP_CONNECTION' => 'keep-alive'
    'HTTP_ACCEPT' => 'text/html,application/xhtml+xml,application/xml;q=0.9,image/webp,*/*;q=0.8'
    'HTTP_USER_AGENT' => 'Mozilla/5.0 (Windows NT 6.3; Win64; x64) AppleWebKit/537.36 (KHTML, like Gecko) Chrome/40.0.2214.111 Safari/537.36'
    'HTTP_ACCEPT_ENCODING' => 'gzip, deflate, sdch'
    'HTTP_ACCEPT_LANGUAGE' => 'ru-RU,ru;q=0.8,en-US;q=0.6,en;q=0.4,de;q=0.2,ro;q=0.2'
    'HTTP_COOKIE' => 'PHPSESSID=0ojs9q3cbtnl2jgct46ectvu42'
    'PATH' => '/usr/local/sbin:/usr/local/bin:/usr/sbin:/usr/bin:/sbin:/bin'
    'SERVER_SIGNATURE' => '<address>Apache/2.4.7 (Ubuntu) Server at admin.priemnaya.com Port 80</address>
'
    'SERVER_SOFTWARE' => 'Apache/2.4.7 (Ubuntu)'
    'SERVER_NAME' => 'admin.priemnaya.com'
    'SERVER_ADDR' => '192.168.1.102'
    'SERVER_PORT' => '80'
    'REMOTE_ADDR' => '192.168.1.104'
    'DOCUMENT_ROOT' => '/var/www/priemnaya/backend/web/'
    'REQUEST_SCHEME' => 'http'
    'CONTEXT_PREFIX' => ''
    'CONTEXT_DOCUMENT_ROOT' => '/var/www/priemnaya/backend/web/'
    'SERVER_ADMIN' => 'webmaster@localhost'
    'SCRIPT_FILENAME' => '/var/www/priemnaya/backend/web/index.php'
    'REMOTE_PORT' => '53755'
    'GATEWAY_INTERFACE' => 'CGI/1.1'
    'SERVER_PROTOCOL' => 'HTTP/1.1'
    'REQUEST_METHOD' => 'GET'
    'QUERY_STRING' => 'r=site%2Flogin'
    'REQUEST_URI' => '/index.php?r=site%2Flogin'
    'SCRIPT_NAME' => '/index.php'
    'PHP_SELF' => '/index.php'
    'REQUEST_TIME_FLOAT' => 1424084547.546
    'REQUEST_TIME' => 1424084547
]
2015-02-16 11:02:58 [192.168.1.104][-][-][error][yii\base\ErrorException:256] exception 'yii\base\ErrorException' with message 'Exception (Invalid Configuration) 'yii\base\InvalidConfigException' with message 'The directory is not writable by the Web process: /var/www/priemnaya/backend/web/assets' 

in /var/www/priemnaya/vendor/yiisoft/yii2/web/AssetManager.php:168

Stack trace:
#0 /var/www/priemnaya/vendor/yiisoft/yii2/base/Object.php(107): yii\web\AssetManager->init()
#1 [internal function]: yii\base\Object->__construct(Array)
#2 /var/www/priemnaya/vendor/yiisoft/yii2/di/Container.php(362): ReflectionClass->newInstanceArgs(Array)
#3 /var/www/priemnaya/vendor/yiisoft/yii2/di/Container.php(147): yii\di\Container->build('yii\web\AssetMa...', Array, Array)
#4 /var/www/priemnaya/vendor/yiisoft/yii2/BaseYii.php(344): yii\di\Container->get('yii\web\AssetMa...', Array, Array)
#5 /var/www/priemnaya/vendor/yiisoft/yii2/di/ServiceLocator.php(133): yii\BaseYii::createObject(Array)
#6 /var/www/priemnaya/vendor/yiisoft/yii2/base/Application.php(600): yii\di\ServiceLocator->get('assetManager')
#7 /var/www/priemnaya/vendor/yiisoft/yii2/web/View.php(223): yii\base\Application->getAssetManager()
#8 /var/www/priemnaya/vendor/yiisoft/yii2/web/View.php(283): yii\web\View->getAssetManager()
#9 /var/www/priemnaya/vendor/yiisoft/yii2/web/AssetBundle.php(118): yii\web\View->registerAssetBundle('yii\validators\...')
#10 /var/www/priemnaya/vendor/yiisoft/yii2/validators/RequiredValidator.php(108): yii\web\AssetBundle::register(Object(yii\web\View))
#11 /var/www/priemnaya/vendor/yiisoft/yii2/widgets/ActiveField.php(751): yii\validators\RequiredValidator->clientValidateAttribute(Object(common\models\LoginForm), 'username', Object(yii\web\View))
#12 /var/www/priemnaya/vendor/yiisoft/yii2/widgets/ActiveField.php(210): yii\widgets\ActiveField->getClientOptions()
#13 /var/www/priemnaya/vendor/yiisoft/yii2/widgets/ActiveField.php(200): yii\widgets\ActiveField->begin()
#14 /var/www/priemnaya/vendor/yiisoft/yii2-bootstrap/ActiveField.php(188): yii\widgets\ActiveField->render(NULL)
#15 /var/www/priemnaya/vendor/yiisoft/yii2/widgets/ActiveField.php(156): yii\bootstrap\ActiveField->render()
#16 /var/www/priemnaya/backend/views/site/login.php(20): yii\widgets\ActiveField->__toString()
#17 /var/www/priemnaya/vendor/yiisoft/yii2/base/View.php(325): require('/var/www/priemn...')
#18 /var/www/priemnaya/vendor/yiisoft/yii2/base/View.php(247): yii\base\View->renderPhpFile('/var/www/priemn...', Array)
#19 /var/www/priemnaya/vendor/yiisoft/yii2/base/View.php(149): yii\base\View->renderFile('/var/www/priemn...', Array, Object(backend\controllers\SiteController))
#20 /var/www/priemnaya/vendor/yiisoft/yii2/base/Controller.php(367): yii\base\View->render('login', Array, Object(backend\controllers\SiteController))
#21 /var/www/priemnaya/backend/controllers/SiteController.php(73): yii\base\Controller->render('login', Array)
#22 [internal function]: backend\controllers\SiteController->actionLogin()
#23 /var/www/priemnaya/vendor/yiisoft/yii2/base/InlineAction.php(55): call_user_func_array(Array, Array)
#24 /var/www/priemnaya/vendor/yiisoft/yii2/base/Controller.php(151): yii\base\InlineAction->runWithParams(Array)
#25 /var/www/priemnaya/vendor/yiisoft/yii2/base/Module.php(455): yii\base\Controller->runAction('login', Array)
#26 /var/www/priemnaya/vendor/yiisoft/yii2/web/Application.php(83): yii\base\Module->runAction('site/login', Array)
#27 /var/www/priemnaya/vendor/yiisoft/yii2/base/Application.php(375): yii\web\Application->handleRequest(Object(yii\web\Request))
#28 /var/www/priemnaya/backend/web/index.php(18): yii\base\Application->run()
#29 {main}' in /var/www/priemnaya/vendor/yiisoft/yii2/base/ErrorHandler.php:233
Stack trace:
#0 [internal function]: yii\base\ErrorHandler->handleError(256, 'Exception (Inva...', '/var/www/priemn...', 233, Array)
#1 /var/www/priemnaya/vendor/yiisoft/yii2/base/ErrorHandler.php(233): trigger_error('Exception (Inva...', 256)
#2 /var/www/priemnaya/vendor/yiisoft/yii2/widgets/ActiveField.php(158): yii\base\ErrorHandler::convertExceptionToError(Object(yii\base\InvalidConfigException))
#3 /var/www/priemnaya/backend/views/site/login.php(20): yii\widgets\ActiveField->__toString()
#4 /var/www/priemnaya/vendor/yiisoft/yii2/base/View.php(325): require('/var/www/priemn...')
#5 /var/www/priemnaya/vendor/yiisoft/yii2/base/View.php(247): yii\base\View->renderPhpFile('/var/www/priemn...', Array)
#6 /var/www/priemnaya/vendor/yiisoft/yii2/base/View.php(149): yii\base\View->renderFile('/var/www/priemn...', Array, Object(backend\controllers\SiteController))
#7 /var/www/priemnaya/vendor/yiisoft/yii2/base/Controller.php(367): yii\base\View->render('login', Array, Object(backend\controllers\SiteController))
#8 /var/www/priemnaya/backend/controllers/SiteController.php(73): yii\base\Controller->render('login', Array)
#9 [internal function]: backend\controllers\SiteController->actionLogin()
#10 /var/www/priemnaya/vendor/yiisoft/yii2/base/InlineAction.php(55): call_user_func_array(Array, Array)
#11 /var/www/priemnaya/vendor/yiisoft/yii2/base/Controller.php(151): yii\base\InlineAction->runWithParams(Array)
#12 /var/www/priemnaya/vendor/yiisoft/yii2/base/Module.php(455): yii\base\Controller->runAction('login', Array)
#13 /var/www/priemnaya/vendor/yiisoft/yii2/web/Application.php(83): yii\base\Module->runAction('site/login', Array)
#14 /var/www/priemnaya/vendor/yiisoft/yii2/base/Application.php(375): yii\web\Application->handleRequest(Object(yii\web\Request))
#15 /var/www/priemnaya/backend/web/index.php(18): yii\base\Application->run()
#16 {main}
    in /var/www/priemnaya/backend/views/site/login.php:20
    in /var/www/priemnaya/backend/controllers/SiteController.php:73
2015-02-16 11:02:58 [192.168.1.104][-][-][info][application] $_GET = [
    'r' => 'site/login'
]

$_COOKIE = [
    'PHPSESSID' => '0ojs9q3cbtnl2jgct46ectvu42'
    '_csrf' => 'f06884cdb0da7e9460d0ad26b868326937a0038547761e1ba9caf4971891ad9es:32:\"3ke7gsBdtnxPluMeE9uj3ir-ka-h3l-W\";'
]

$_SESSION = [
    '__flash' => []
    '__returnUrl' => '/'
]

$_SERVER = [
    'HTTP_HOST' => 'admin.priemnaya.com'
    'HTTP_CONNECTION' => 'keep-alive'
    'HTTP_CACHE_CONTROL' => 'max-age=0'
    'HTTP_ACCEPT' => 'text/html,application/xhtml+xml,application/xml;q=0.9,image/webp,*/*;q=0.8'
    'HTTP_USER_AGENT' => 'Mozilla/5.0 (Windows NT 6.3; Win64; x64) AppleWebKit/537.36 (KHTML, like Gecko) Chrome/40.0.2214.111 Safari/537.36'
    'HTTP_ACCEPT_ENCODING' => 'gzip, deflate, sdch'
    'HTTP_ACCEPT_LANGUAGE' => 'ru-RU,ru;q=0.8,en-US;q=0.6,en;q=0.4,de;q=0.2,ro;q=0.2'
    'HTTP_COOKIE' => 'PHPSESSID=0ojs9q3cbtnl2jgct46ectvu42; _csrf=f06884cdb0da7e9460d0ad26b868326937a0038547761e1ba9caf4971891ad9es%3A32%3A%223ke7gsBdtnxPluMeE9uj3ir-ka-h3l-W%22%3B'
    'PATH' => '/usr/local/sbin:/usr/local/bin:/usr/sbin:/usr/bin:/sbin:/bin'
    'SERVER_SIGNATURE' => '<address>Apache/2.4.7 (Ubuntu) Server at admin.priemnaya.com Port 80</address>
'
    'SERVER_SOFTWARE' => 'Apache/2.4.7 (Ubuntu)'
    'SERVER_NAME' => 'admin.priemnaya.com'
    'SERVER_ADDR' => '192.168.1.102'
    'SERVER_PORT' => '80'
    'REMOTE_ADDR' => '192.168.1.104'
    'DOCUMENT_ROOT' => '/var/www/priemnaya/backend/web/'
    'REQUEST_SCHEME' => 'http'
    'CONTEXT_PREFIX' => ''
    'CONTEXT_DOCUMENT_ROOT' => '/var/www/priemnaya/backend/web/'
    'SERVER_ADMIN' => 'webmaster@localhost'
    'SCRIPT_FILENAME' => '/var/www/priemnaya/backend/web/index.php'
    'REMOTE_PORT' => '53759'
    'GATEWAY_INTERFACE' => 'CGI/1.1'
    'SERVER_PROTOCOL' => 'HTTP/1.1'
    'REQUEST_METHOD' => 'GET'
    'QUERY_STRING' => 'r=site%2Flogin'
    'REQUEST_URI' => '/index.php?r=site%2Flogin'
    'SCRIPT_NAME' => '/index.php'
    'PHP_SELF' => '/index.php'
    'REQUEST_TIME_FLOAT' => 1424084578.801
    'REQUEST_TIME' => 1424084578
]
2015-02-16 11:02:58 [192.168.1.104][-][0ojs9q3cbtnl2jgct46ectvu42][warning][yii\log\Dispatcher::dispatch] Unable to send log via yii\debug\LogTarget: Exception (Invalid Configuration) 'yii\base\InvalidConfigException' with message 'The directory is not writable by the Web process: /var/www/priemnaya/backend/web/assets' 

in /var/www/priemnaya/vendor/yiisoft/yii2/web/AssetManager.php:168

Stack trace:
#0 /var/www/priemnaya/vendor/yiisoft/yii2/base/Object.php(107): yii\web\AssetManager->init()
#1 [internal function]: yii\base\Object->__construct(Array)
#2 /var/www/priemnaya/vendor/yiisoft/yii2/di/Container.php(362): ReflectionClass->newInstanceArgs(Array)
#3 /var/www/priemnaya/vendor/yiisoft/yii2/di/Container.php(147): yii\di\Container->build('yii\web\AssetMa...', Array, Array)
#4 /var/www/priemnaya/vendor/yiisoft/yii2/BaseYii.php(344): yii\di\Container->get('yii\web\AssetMa...', Array, Array)
#5 /var/www/priemnaya/vendor/yiisoft/yii2/di/ServiceLocator.php(133): yii\BaseYii::createObject(Array)
#6 /var/www/priemnaya/vendor/yiisoft/yii2/base/Application.php(600): yii\di\ServiceLocator->get('assetManager')
#7 /var/www/priemnaya/vendor/yiisoft/yii2/web/View.php(223): yii\base\Application->getAssetManager()
#8 /var/www/priemnaya/vendor/yiisoft/yii2/base/Component.php(130): yii\web\View->getAssetManager()
#9 /var/www/priemnaya/vendor/yiisoft/yii2-debug/panels/AssetPanel.php(53): yii\base\Component->__get('assetManager')
#10 /var/www/priemnaya/vendor/yiisoft/yii2-debug/LogTarget.php(55): yii\debug\panels\AssetPanel->save()
#11 /var/www/priemnaya/vendor/yiisoft/yii2-debug/LogTarget.php(112): yii\debug\LogTarget->export(Array)
#12 /var/www/priemnaya/vendor/yiisoft/yii2/log/Dispatcher.php(183): yii\debug\LogTarget->collect(Array, true)
#13 /var/www/priemnaya/vendor/yiisoft/yii2/log/Logger.php(170): yii\log\Dispatcher->dispatch(Array, true)
#14 [internal function]: yii\log\Logger->flush(true)
#15 {main}
2015-02-16 11:02:58 [192.168.1.104][-][0ojs9q3cbtnl2jgct46ectvu42][info][application] $_GET = [
    'r' => 'site/login'
]

$_COOKIE = [
    'PHPSESSID' => '0ojs9q3cbtnl2jgct46ectvu42'
    '_csrf' => 'f06884cdb0da7e9460d0ad26b868326937a0038547761e1ba9caf4971891ad9es:32:\"3ke7gsBdtnxPluMeE9uj3ir-ka-h3l-W\";'
]

$_SESSION = [
    '__flash' => []
    '__returnUrl' => '/'
]

$_SERVER = [
    'HTTP_HOST' => 'admin.priemnaya.com'
    'HTTP_CONNECTION' => 'keep-alive'
    'HTTP_CACHE_CONTROL' => 'max-age=0'
    'HTTP_ACCEPT' => 'text/html,application/xhtml+xml,application/xml;q=0.9,image/webp,*/*;q=0.8'
    'HTTP_USER_AGENT' => 'Mozilla/5.0 (Windows NT 6.3; Win64; x64) AppleWebKit/537.36 (KHTML, like Gecko) Chrome/40.0.2214.111 Safari/537.36'
    'HTTP_ACCEPT_ENCODING' => 'gzip, deflate, sdch'
    'HTTP_ACCEPT_LANGUAGE' => 'ru-RU,ru;q=0.8,en-US;q=0.6,en;q=0.4,de;q=0.2,ro;q=0.2'
    'HTTP_COOKIE' => 'PHPSESSID=0ojs9q3cbtnl2jgct46ectvu42; _csrf=f06884cdb0da7e9460d0ad26b868326937a0038547761e1ba9caf4971891ad9es%3A32%3A%223ke7gsBdtnxPluMeE9uj3ir-ka-h3l-W%22%3B'
    'PATH' => '/usr/local/sbin:/usr/local/bin:/usr/sbin:/usr/bin:/sbin:/bin'
    'SERVER_SIGNATURE' => '<address>Apache/2.4.7 (Ubuntu) Server at admin.priemnaya.com Port 80</address>
'
    'SERVER_SOFTWARE' => 'Apache/2.4.7 (Ubuntu)'
    'SERVER_NAME' => 'admin.priemnaya.com'
    'SERVER_ADDR' => '192.168.1.102'
    'SERVER_PORT' => '80'
    'REMOTE_ADDR' => '192.168.1.104'
    'DOCUMENT_ROOT' => '/var/www/priemnaya/backend/web/'
    'REQUEST_SCHEME' => 'http'
    'CONTEXT_PREFIX' => ''
    'CONTEXT_DOCUMENT_ROOT' => '/var/www/priemnaya/backend/web/'
    'SERVER_ADMIN' => 'webmaster@localhost'
    'SCRIPT_FILENAME' => '/var/www/priemnaya/backend/web/index.php'
    'REMOTE_PORT' => '53759'
    'GATEWAY_INTERFACE' => 'CGI/1.1'
    'SERVER_PROTOCOL' => 'HTTP/1.1'
    'REQUEST_METHOD' => 'GET'
    'QUERY_STRING' => 'r=site%2Flogin'
    'REQUEST_URI' => '/index.php?r=site%2Flogin'
    'SCRIPT_NAME' => '/index.php'
    'PHP_SELF' => '/index.php'
    'REQUEST_TIME_FLOAT' => 1424084578.801
    'REQUEST_TIME' => 1424084578
]
2015-02-16 11:03:08 [192.168.1.104][-][-][warning][yii\debug\Module::checkAccess] Access to debugger is denied due to IP address restriction. The requesting IP address is 192.168.1.104
    in /var/www/priemnaya/backend/views/layouts/main.php:68
    in /var/www/priemnaya/backend/controllers/SiteController.php:73
2015-02-16 11:03:08 [192.168.1.104][-][-][info][application] $_GET = [
    'r' => 'site/login'
]

$_COOKIE = [
    'PHPSESSID' => '0ojs9q3cbtnl2jgct46ectvu42'
    '_csrf' => 'f06884cdb0da7e9460d0ad26b868326937a0038547761e1ba9caf4971891ad9es:32:\"3ke7gsBdtnxPluMeE9uj3ir-ka-h3l-W\";'
]

$_SESSION = [
    '__flash' => []
    '__returnUrl' => '/'
]

$_SERVER = [
    'HTTP_HOST' => 'admin.priemnaya.com'
    'HTTP_CONNECTION' => 'keep-alive'
    'HTTP_CACHE_CONTROL' => 'max-age=0'
    'HTTP_ACCEPT' => 'text/html,application/xhtml+xml,application/xml;q=0.9,image/webp,*/*;q=0.8'
    'HTTP_USER_AGENT' => 'Mozilla/5.0 (Windows NT 6.3; Win64; x64) AppleWebKit/537.36 (KHTML, like Gecko) Chrome/40.0.2214.111 Safari/537.36'
    'HTTP_ACCEPT_ENCODING' => 'gzip, deflate, sdch'
    'HTTP_ACCEPT_LANGUAGE' => 'ru-RU,ru;q=0.8,en-US;q=0.6,en;q=0.4,de;q=0.2,ro;q=0.2'
    'HTTP_COOKIE' => 'PHPSESSID=0ojs9q3cbtnl2jgct46ectvu42; _csrf=f06884cdb0da7e9460d0ad26b868326937a0038547761e1ba9caf4971891ad9es%3A32%3A%223ke7gsBdtnxPluMeE9uj3ir-ka-h3l-W%22%3B'
    'PATH' => '/usr/local/sbin:/usr/local/bin:/usr/sbin:/usr/bin:/sbin:/bin'
    'SERVER_SIGNATURE' => '<address>Apache/2.4.7 (Ubuntu) Server at admin.priemnaya.com Port 80</address>
'
    'SERVER_SOFTWARE' => 'Apache/2.4.7 (Ubuntu)'
    'SERVER_NAME' => 'admin.priemnaya.com'
    'SERVER_ADDR' => '192.168.1.102'
    'SERVER_PORT' => '80'
    'REMOTE_ADDR' => '192.168.1.104'
    'DOCUMENT_ROOT' => '/var/www/priemnaya/backend/web/'
    'REQUEST_SCHEME' => 'http'
    'CONTEXT_PREFIX' => ''
    'CONTEXT_DOCUMENT_ROOT' => '/var/www/priemnaya/backend/web/'
    'SERVER_ADMIN' => 'webmaster@localhost'
    'SCRIPT_FILENAME' => '/var/www/priemnaya/backend/web/index.php'
    'REMOTE_PORT' => '53760'
    'GATEWAY_INTERFACE' => 'CGI/1.1'
    'SERVER_PROTOCOL' => 'HTTP/1.1'
    'REQUEST_METHOD' => 'GET'
    'QUERY_STRING' => 'r=site%2Flogin'
    'REQUEST_URI' => '/index.php?r=site%2Flogin'
    'SCRIPT_NAME' => '/index.php'
    'PHP_SELF' => '/index.php'
    'REQUEST_TIME_FLOAT' => 1424084588.555
    'REQUEST_TIME' => 1424084588
]
2015-02-16 11:03:16 [192.168.1.104][-][-][warning][yii\debug\Module::checkAccess] Access to debugger is denied due to IP address restriction. The requesting IP address is 192.168.1.104
    in /var/www/priemnaya/backend/views/layouts/main.php:68
    in /var/www/priemnaya/backend/controllers/SiteController.php:73
2015-02-16 11:03:16 [192.168.1.104][-][-][info][application] $_GET = [
    'r' => 'site/login'
]

$_COOKIE = [
    '_csrf' => 'f06884cdb0da7e9460d0ad26b868326937a0038547761e1ba9caf4971891ad9es:32:\"3ke7gsBdtnxPluMeE9uj3ir-ka-h3l-W\";'
    'PHPSESSID' => '0ojs9q3cbtnl2jgct46ectvu42'
]

$_SESSION = [
    '__flash' => []
    '__returnUrl' => '/index.php?r=site%2Findex'
]

$_SERVER = [
    'HTTP_HOST' => 'admin.priemnaya.com'
    'HTTP_CONNECTION' => 'keep-alive'
    'HTTP_ACCEPT' => 'text/html,application/xhtml+xml,application/xml;q=0.9,image/webp,*/*;q=0.8'
    'HTTP_USER_AGENT' => 'Mozilla/5.0 (Windows NT 6.3; Win64; x64) AppleWebKit/537.36 (KHTML, like Gecko) Chrome/40.0.2214.111 Safari/537.36'
    'HTTP_REFERER' => 'http://admin.priemnaya.com/index.php?r=site%2Flogin'
    'HTTP_ACCEPT_ENCODING' => 'gzip, deflate, sdch'
    'HTTP_ACCEPT_LANGUAGE' => 'ru-RU,ru;q=0.8,en-US;q=0.6,en;q=0.4,de;q=0.2,ro;q=0.2'
    'HTTP_COOKIE' => '_csrf=f06884cdb0da7e9460d0ad26b868326937a0038547761e1ba9caf4971891ad9es%3A32%3A%223ke7gsBdtnxPluMeE9uj3ir-ka-h3l-W%22%3B; PHPSESSID=0ojs9q3cbtnl2jgct46ectvu42'
    'PATH' => '/usr/local/sbin:/usr/local/bin:/usr/sbin:/usr/bin:/sbin:/bin'
    'SERVER_SIGNATURE' => '<address>Apache/2.4.7 (Ubuntu) Server at admin.priemnaya.com Port 80</address>
'
    'SERVER_SOFTWARE' => 'Apache/2.4.7 (Ubuntu)'
    'SERVER_NAME' => 'admin.priemnaya.com'
    'SERVER_ADDR' => '192.168.1.102'
    'SERVER_PORT' => '80'
    'REMOTE_ADDR' => '192.168.1.104'
    'DOCUMENT_ROOT' => '/var/www/priemnaya/backend/web/'
    'REQUEST_SCHEME' => 'http'
    'CONTEXT_PREFIX' => ''
    'CONTEXT_DOCUMENT_ROOT' => '/var/www/priemnaya/backend/web/'
    'SERVER_ADMIN' => 'webmaster@localhost'
    'SCRIPT_FILENAME' => '/var/www/priemnaya/backend/web/index.php'
    'REMOTE_PORT' => '53764'
    'GATEWAY_INTERFACE' => 'CGI/1.1'
    'SERVER_PROTOCOL' => 'HTTP/1.1'
    'REQUEST_METHOD' => 'GET'
    'QUERY_STRING' => 'r=site%2Flogin'
    'REQUEST_URI' => '/index.php?r=site%2Flogin'
    'SCRIPT_NAME' => '/index.php'
    'PHP_SELF' => '/index.php'
    'REQUEST_TIME_FLOAT' => 1424084596.232
    'REQUEST_TIME' => 1424084596
]
2015-02-16 11:03:16 [192.168.1.104][-][-][warning][yii\debug\Module::checkAccess] Access to debugger is denied due to IP address restriction. The requesting IP address is 192.168.1.104
    in /var/www/priemnaya/backend/views/layouts/main.php:68
    in /var/www/priemnaya/backend/controllers/SiteController.php:73
2015-02-16 11:03:16 [192.168.1.104][-][-][info][application] $_GET = [
    'r' => 'site/login'
]

$_COOKIE = [
    '_csrf' => 'f06884cdb0da7e9460d0ad26b868326937a0038547761e1ba9caf4971891ad9es:32:\"3ke7gsBdtnxPluMeE9uj3ir-ka-h3l-W\";'
    'PHPSESSID' => '0ojs9q3cbtnl2jgct46ectvu42'
]

$_SESSION = [
    '__flash' => []
    '__returnUrl' => '/index.php?r=site%2Findex'
]

$_SERVER = [
    'HTTP_HOST' => 'admin.priemnaya.com'
    'HTTP_CONNECTION' => 'keep-alive'
    'HTTP_ACCEPT' => 'text/html,application/xhtml+xml,application/xml;q=0.9,image/webp,*/*;q=0.8'
    'HTTP_USER_AGENT' => 'Mozilla/5.0 (Windows NT 6.3; Win64; x64) AppleWebKit/537.36 (KHTML, like Gecko) Chrome/40.0.2214.111 Safari/537.36'
    'HTTP_REFERER' => 'http://admin.priemnaya.com/index.php?r=site%2Flogin'
    'HTTP_ACCEPT_ENCODING' => 'gzip, deflate, sdch'
    'HTTP_ACCEPT_LANGUAGE' => 'ru-RU,ru;q=0.8,en-US;q=0.6,en;q=0.4,de;q=0.2,ro;q=0.2'
    'HTTP_COOKIE' => '_csrf=f06884cdb0da7e9460d0ad26b868326937a0038547761e1ba9caf4971891ad9es%3A32%3A%223ke7gsBdtnxPluMeE9uj3ir-ka-h3l-W%22%3B; PHPSESSID=0ojs9q3cbtnl2jgct46ectvu42'
    'PATH' => '/usr/local/sbin:/usr/local/bin:/usr/sbin:/usr/bin:/sbin:/bin'
    'SERVER_SIGNATURE' => '<address>Apache/2.4.7 (Ubuntu) Server at admin.priemnaya.com Port 80</address>
'
    'SERVER_SOFTWARE' => 'Apache/2.4.7 (Ubuntu)'
    'SERVER_NAME' => 'admin.priemnaya.com'
    'SERVER_ADDR' => '192.168.1.102'
    'SERVER_PORT' => '80'
    'REMOTE_ADDR' => '192.168.1.104'
    'DOCUMENT_ROOT' => '/var/www/priemnaya/backend/web/'
    'REQUEST_SCHEME' => 'http'
    'CONTEXT_PREFIX' => ''
    'CONTEXT_DOCUMENT_ROOT' => '/var/www/priemnaya/backend/web/'
    'SERVER_ADMIN' => 'webmaster@localhost'
    'SCRIPT_FILENAME' => '/var/www/priemnaya/backend/web/index.php'
    'REMOTE_PORT' => '53765'
    'GATEWAY_INTERFACE' => 'CGI/1.1'
    'SERVER_PROTOCOL' => 'HTTP/1.1'
    'REQUEST_METHOD' => 'GET'
    'QUERY_STRING' => 'r=site%2Flogin'
    'REQUEST_URI' => '/index.php?r=site%2Flogin'
    'SCRIPT_NAME' => '/index.php'
    'PHP_SELF' => '/index.php'
    'REQUEST_TIME_FLOAT' => 1424084596.678
    'REQUEST_TIME' => 1424084596
]
2015-02-16 11:03:17 [192.168.1.104][-][-][warning][yii\debug\Module::checkAccess] Access to debugger is denied due to IP address restriction. The requesting IP address is 192.168.1.104
    in /var/www/priemnaya/backend/views/layouts/main.php:68
    in /var/www/priemnaya/backend/controllers/SiteController.php:73
2015-02-16 11:03:17 [192.168.1.104][-][-][info][application] $_GET = [
    'r' => 'site/login'
]

$_COOKIE = [
    '_csrf' => 'f06884cdb0da7e9460d0ad26b868326937a0038547761e1ba9caf4971891ad9es:32:\"3ke7gsBdtnxPluMeE9uj3ir-ka-h3l-W\";'
    'PHPSESSID' => '0ojs9q3cbtnl2jgct46ectvu42'
]

$_SESSION = [
    '__flash' => []
    '__returnUrl' => '/index.php?r=site%2Findex'
]

$_SERVER = [
    'HTTP_HOST' => 'admin.priemnaya.com'
    'HTTP_CONNECTION' => 'keep-alive'
    'HTTP_ACCEPT' => 'text/html,application/xhtml+xml,application/xml;q=0.9,image/webp,*/*;q=0.8'
    'HTTP_USER_AGENT' => 'Mozilla/5.0 (Windows NT 6.3; Win64; x64) AppleWebKit/537.36 (KHTML, like Gecko) Chrome/40.0.2214.111 Safari/537.36'
    'HTTP_REFERER' => 'http://admin.priemnaya.com/index.php?r=site%2Flogin'
    'HTTP_ACCEPT_ENCODING' => 'gzip, deflate, sdch'
    'HTTP_ACCEPT_LANGUAGE' => 'ru-RU,ru;q=0.8,en-US;q=0.6,en;q=0.4,de;q=0.2,ro;q=0.2'
    'HTTP_COOKIE' => '_csrf=f06884cdb0da7e9460d0ad26b868326937a0038547761e1ba9caf4971891ad9es%3A32%3A%223ke7gsBdtnxPluMeE9uj3ir-ka-h3l-W%22%3B; PHPSESSID=0ojs9q3cbtnl2jgct46ectvu42'
    'PATH' => '/usr/local/sbin:/usr/local/bin:/usr/sbin:/usr/bin:/sbin:/bin'
    'SERVER_SIGNATURE' => '<address>Apache/2.4.7 (Ubuntu) Server at admin.priemnaya.com Port 80</address>
'
    'SERVER_SOFTWARE' => 'Apache/2.4.7 (Ubuntu)'
    'SERVER_NAME' => 'admin.priemnaya.com'
    'SERVER_ADDR' => '192.168.1.102'
    'SERVER_PORT' => '80'
    'REMOTE_ADDR' => '192.168.1.104'
    'DOCUMENT_ROOT' => '/var/www/priemnaya/backend/web/'
    'REQUEST_SCHEME' => 'http'
    'CONTEXT_PREFIX' => ''
    'CONTEXT_DOCUMENT_ROOT' => '/var/www/priemnaya/backend/web/'
    'SERVER_ADMIN' => 'webmaster@localhost'
    'SCRIPT_FILENAME' => '/var/www/priemnaya/backend/web/index.php'
    'REMOTE_PORT' => '53765'
    'GATEWAY_INTERFACE' => 'CGI/1.1'
    'SERVER_PROTOCOL' => 'HTTP/1.1'
    'REQUEST_METHOD' => 'GET'
    'QUERY_STRING' => 'r=site%2Flogin'
    'REQUEST_URI' => '/index.php?r=site%2Flogin'
    'SCRIPT_NAME' => '/index.php'
    'PHP_SELF' => '/index.php'
    'REQUEST_TIME_FLOAT' => 1424084597.139
    'REQUEST_TIME' => 1424084597
]
2015-02-16 11:03:18 [192.168.1.104][-][-][warning][yii\debug\Module::checkAccess] Access to debugger is denied due to IP address restriction. The requesting IP address is 192.168.1.104
    in /var/www/priemnaya/backend/views/layouts/main.php:68
    in /var/www/priemnaya/backend/controllers/SiteController.php:73
2015-02-16 11:03:18 [192.168.1.104][-][-][info][application] $_GET = [
    'r' => 'site/login'
]

$_COOKIE = [
    '_csrf' => 'f06884cdb0da7e9460d0ad26b868326937a0038547761e1ba9caf4971891ad9es:32:\"3ke7gsBdtnxPluMeE9uj3ir-ka-h3l-W\";'
    'PHPSESSID' => '0ojs9q3cbtnl2jgct46ectvu42'
]

$_SESSION = [
    '__flash' => []
    '__returnUrl' => '/index.php'
]

$_SERVER = [
    'HTTP_HOST' => 'admin.priemnaya.com'
    'HTTP_CONNECTION' => 'keep-alive'
    'HTTP_ACCEPT' => 'text/html,application/xhtml+xml,application/xml;q=0.9,image/webp,*/*;q=0.8'
    'HTTP_USER_AGENT' => 'Mozilla/5.0 (Windows NT 6.3; Win64; x64) AppleWebKit/537.36 (KHTML, like Gecko) Chrome/40.0.2214.111 Safari/537.36'
    'HTTP_REFERER' => 'http://admin.priemnaya.com/index.php?r=site%2Flogin'
    'HTTP_ACCEPT_ENCODING' => 'gzip, deflate, sdch'
    'HTTP_ACCEPT_LANGUAGE' => 'ru-RU,ru;q=0.8,en-US;q=0.6,en;q=0.4,de;q=0.2,ro;q=0.2'
    'HTTP_COOKIE' => '_csrf=f06884cdb0da7e9460d0ad26b868326937a0038547761e1ba9caf4971891ad9es%3A32%3A%223ke7gsBdtnxPluMeE9uj3ir-ka-h3l-W%22%3B; PHPSESSID=0ojs9q3cbtnl2jgct46ectvu42'
    'PATH' => '/usr/local/sbin:/usr/local/bin:/usr/sbin:/usr/bin:/sbin:/bin'
    'SERVER_SIGNATURE' => '<address>Apache/2.4.7 (Ubuntu) Server at admin.priemnaya.com Port 80</address>
'
    'SERVER_SOFTWARE' => 'Apache/2.4.7 (Ubuntu)'
    'SERVER_NAME' => 'admin.priemnaya.com'
    'SERVER_ADDR' => '192.168.1.102'
    'SERVER_PORT' => '80'
    'REMOTE_ADDR' => '192.168.1.104'
    'DOCUMENT_ROOT' => '/var/www/priemnaya/backend/web/'
    'REQUEST_SCHEME' => 'http'
    'CONTEXT_PREFIX' => ''
    'CONTEXT_DOCUMENT_ROOT' => '/var/www/priemnaya/backend/web/'
    'SERVER_ADMIN' => 'webmaster@localhost'
    'SCRIPT_FILENAME' => '/var/www/priemnaya/backend/web/index.php'
    'REMOTE_PORT' => '53769'
    'GATEWAY_INTERFACE' => 'CGI/1.1'
    'SERVER_PROTOCOL' => 'HTTP/1.1'
    'REQUEST_METHOD' => 'GET'
    'QUERY_STRING' => 'r=site%2Flogin'
    'REQUEST_URI' => '/index.php?r=site%2Flogin'
    'SCRIPT_NAME' => '/index.php'
    'PHP_SELF' => '/index.php'
    'REQUEST_TIME_FLOAT' => 1424084598.218
    'REQUEST_TIME' => 1424084598
]
2015-02-16 11:04:03 [192.168.1.104][-][-][warning][yii\debug\Module::checkAccess] Access to debugger is denied due to IP address restriction. The requesting IP address is 192.168.1.104
    in /var/www/priemnaya/backend/views/layouts/main.php:68
    in /var/www/priemnaya/backend/controllers/SiteController.php:73
2015-02-16 11:04:03 [192.168.1.104][-][-][info][application] $_GET = [
    'r' => 'site/login'
]

$_POST = [
    '_csrf' => 'OHBsNC5qUHALGwkDSRkSFEweFGRCHx0VfUkZXh0DIl1TEUFcHQZ9Jw=='
    'LoginForm' => [
        'username' => 'admin'
        'password' => 'admin'
        'rememberMe' => '1'
    ]
    'login-button' => ''
]

$_COOKIE = [
    '_csrf' => 'f06884cdb0da7e9460d0ad26b868326937a0038547761e1ba9caf4971891ad9es:32:\"3ke7gsBdtnxPluMeE9uj3ir-ka-h3l-W\";'
    'PHPSESSID' => '0ojs9q3cbtnl2jgct46ectvu42'
]

$_SESSION = [
    '__flash' => []
    '__returnUrl' => '/index.php'
]

$_SERVER = [
    'HTTP_HOST' => 'admin.priemnaya.com'
    'HTTP_CONNECTION' => 'keep-alive'
    'CONTENT_LENGTH' => '196'
    'HTTP_CACHE_CONTROL' => 'max-age=0'
    'HTTP_ACCEPT' => 'text/html,application/xhtml+xml,application/xml;q=0.9,image/webp,*/*;q=0.8'
    'HTTP_ORIGIN' => 'http://admin.priemnaya.com'
    'HTTP_USER_AGENT' => 'Mozilla/5.0 (Windows NT 6.3; Win64; x64) AppleWebKit/537.36 (KHTML, like Gecko) Chrome/40.0.2214.111 Safari/537.36'
    'CONTENT_TYPE' => 'application/x-www-form-urlencoded'
    'HTTP_REFERER' => 'http://admin.priemnaya.com/index.php?r=site%2Flogin'
    'HTTP_ACCEPT_ENCODING' => 'gzip, deflate'
    'HTTP_ACCEPT_LANGUAGE' => 'ru-RU,ru;q=0.8,en-US;q=0.6,en;q=0.4,de;q=0.2,ro;q=0.2'
    'HTTP_COOKIE' => '_csrf=f06884cdb0da7e9460d0ad26b868326937a0038547761e1ba9caf4971891ad9es%3A32%3A%223ke7gsBdtnxPluMeE9uj3ir-ka-h3l-W%22%3B; PHPSESSID=0ojs9q3cbtnl2jgct46ectvu42'
    'PATH' => '/usr/local/sbin:/usr/local/bin:/usr/sbin:/usr/bin:/sbin:/bin'
    'SERVER_SIGNATURE' => '<address>Apache/2.4.7 (Ubuntu) Server at admin.priemnaya.com Port 80</address>
'
    'SERVER_SOFTWARE' => 'Apache/2.4.7 (Ubuntu)'
    'SERVER_NAME' => 'admin.priemnaya.com'
    'SERVER_ADDR' => '192.168.1.102'
    'SERVER_PORT' => '80'
    'REMOTE_ADDR' => '192.168.1.104'
    'DOCUMENT_ROOT' => '/var/www/priemnaya/backend/web/'
    'REQUEST_SCHEME' => 'http'
    'CONTEXT_PREFIX' => ''
    'CONTEXT_DOCUMENT_ROOT' => '/var/www/priemnaya/backend/web/'
    'SERVER_ADMIN' => 'webmaster@localhost'
    'SCRIPT_FILENAME' => '/var/www/priemnaya/backend/web/index.php'
    'REMOTE_PORT' => '53776'
    'GATEWAY_INTERFACE' => 'CGI/1.1'
    'SERVER_PROTOCOL' => 'HTTP/1.1'
    'REQUEST_METHOD' => 'POST'
    'QUERY_STRING' => 'r=site%2Flogin'
    'REQUEST_URI' => '/index.php?r=site%2Flogin'
    'SCRIPT_NAME' => '/index.php'
    'PHP_SELF' => '/index.php'
    'REQUEST_TIME_FLOAT' => 1424084643.24
    'REQUEST_TIME' => 1424084643
]
2015-02-16 11:04:14 [192.168.1.104][-][-][warning][yii\debug\Module::checkAccess] Access to debugger is denied due to IP address restriction. The requesting IP address is 192.168.1.104
    in /var/www/priemnaya/backend/views/layouts/main.php:68
    in /var/www/priemnaya/backend/controllers/SiteController.php:73
2015-02-16 11:04:14 [192.168.1.104][-][-][info][application] $_GET = [
    'r' => 'site/login'
]

$_POST = [
    '_csrf' => 'bUFsQnVmSG5eKgl1EhUKChkvFBIZEwULKHgZKEYPOkMGIEEqRgplOQ=='
    'LoginForm' => [
        'username' => 'demo'
        'password' => 'demo'
        'rememberMe' => '0'
    ]
    'login-button' => ''
]

$_COOKIE = [
    '_csrf' => 'f06884cdb0da7e9460d0ad26b868326937a0038547761e1ba9caf4971891ad9es:32:\"3ke7gsBdtnxPluMeE9uj3ir-ka-h3l-W\";'
    'PHPSESSID' => '0ojs9q3cbtnl2jgct46ectvu42'
]

$_SESSION = [
    '__flash' => []
    '__returnUrl' => '/index.php'
]

$_SERVER = [
    'HTTP_HOST' => 'admin.priemnaya.com'
    'HTTP_CONNECTION' => 'keep-alive'
    'CONTENT_LENGTH' => '166'
    'HTTP_CACHE_CONTROL' => 'max-age=0'
    'HTTP_ACCEPT' => 'text/html,application/xhtml+xml,application/xml;q=0.9,image/webp,*/*;q=0.8'
    'HTTP_ORIGIN' => 'http://admin.priemnaya.com'
    'HTTP_USER_AGENT' => 'Mozilla/5.0 (Windows NT 6.3; Win64; x64) AppleWebKit/537.36 (KHTML, like Gecko) Chrome/40.0.2214.111 Safari/537.36'
    'CONTENT_TYPE' => 'application/x-www-form-urlencoded'
    'HTTP_REFERER' => 'http://admin.priemnaya.com/index.php?r=site%2Flogin'
    'HTTP_ACCEPT_ENCODING' => 'gzip, deflate'
    'HTTP_ACCEPT_LANGUAGE' => 'ru-RU,ru;q=0.8,en-US;q=0.6,en;q=0.4,de;q=0.2,ro;q=0.2'
    'HTTP_COOKIE' => '_csrf=f06884cdb0da7e9460d0ad26b868326937a0038547761e1ba9caf4971891ad9es%3A32%3A%223ke7gsBdtnxPluMeE9uj3ir-ka-h3l-W%22%3B; PHPSESSID=0ojs9q3cbtnl2jgct46ectvu42'
    'PATH' => '/usr/local/sbin:/usr/local/bin:/usr/sbin:/usr/bin:/sbin:/bin'
    'SERVER_SIGNATURE' => '<address>Apache/2.4.7 (Ubuntu) Server at admin.priemnaya.com Port 80</address>
'
    'SERVER_SOFTWARE' => 'Apache/2.4.7 (Ubuntu)'
    'SERVER_NAME' => 'admin.priemnaya.com'
    'SERVER_ADDR' => '192.168.1.102'
    'SERVER_PORT' => '80'
    'REMOTE_ADDR' => '192.168.1.104'
    'DOCUMENT_ROOT' => '/var/www/priemnaya/backend/web/'
    'REQUEST_SCHEME' => 'http'
    'CONTEXT_PREFIX' => ''
    'CONTEXT_DOCUMENT_ROOT' => '/var/www/priemnaya/backend/web/'
    'SERVER_ADMIN' => 'webmaster@localhost'
    'SCRIPT_FILENAME' => '/var/www/priemnaya/backend/web/index.php'
    'REMOTE_PORT' => '53782'
    'GATEWAY_INTERFACE' => 'CGI/1.1'
    'SERVER_PROTOCOL' => 'HTTP/1.1'
    'REQUEST_METHOD' => 'POST'
    'QUERY_STRING' => 'r=site%2Flogin'
    'REQUEST_URI' => '/index.php?r=site%2Flogin'
    'SCRIPT_NAME' => '/index.php'
    'PHP_SELF' => '/index.php'
    'REQUEST_TIME_FLOAT' => 1424084654.501
    'REQUEST_TIME' => 1424084654
]
2015-02-16 11:04:24 [192.168.1.104][-][-][warning][yii\debug\Module::checkAccess] Access to debugger is denied due to IP address restriction. The requesting IP address is 192.168.1.104
    in /var/www/priemnaya/backend/views/layouts/main.php:68
    in /var/www/priemnaya/backend/controllers/SiteController.php:73
2015-02-16 11:04:24 [192.168.1.104][-][-][info][application] $_GET = [
    'r' => 'site/login'
]

$_POST = [
    '_csrf' => 'Mml0RThGN3oBAhFyXzV1HkYHDBVUM3ofd1ABLwsvRVdZCFktCyoaLQ=='
    'LoginForm' => [
        'username' => 'admin'
        'password' => '12345'
        'rememberMe' => '0'
    ]
    'login-button' => ''
]

$_COOKIE = [
    '_csrf' => 'f06884cdb0da7e9460d0ad26b868326937a0038547761e1ba9caf4971891ad9es:32:\"3ke7gsBdtnxPluMeE9uj3ir-ka-h3l-W\";'
    'PHPSESSID' => '0ojs9q3cbtnl2jgct46ectvu42'
]

$_SESSION = [
    '__flash' => []
    '__returnUrl' => '/index.php'
]

$_SERVER = [
    'HTTP_HOST' => 'admin.priemnaya.com'
    'HTTP_CONNECTION' => 'keep-alive'
    'CONTENT_LENGTH' => '168'
    'HTTP_CACHE_CONTROL' => 'max-age=0'
    'HTTP_ACCEPT' => 'text/html,application/xhtml+xml,application/xml;q=0.9,image/webp,*/*;q=0.8'
    'HTTP_ORIGIN' => 'http://admin.priemnaya.com'
    'HTTP_USER_AGENT' => 'Mozilla/5.0 (Windows NT 6.3; Win64; x64) AppleWebKit/537.36 (KHTML, like Gecko) Chrome/40.0.2214.111 Safari/537.36'
    'CONTENT_TYPE' => 'application/x-www-form-urlencoded'
    'HTTP_REFERER' => 'http://admin.priemnaya.com/index.php?r=site%2Flogin'
    'HTTP_ACCEPT_ENCODING' => 'gzip, deflate'
    'HTTP_ACCEPT_LANGUAGE' => 'ru-RU,ru;q=0.8,en-US;q=0.6,en;q=0.4,de;q=0.2,ro;q=0.2'
    'HTTP_COOKIE' => '_csrf=f06884cdb0da7e9460d0ad26b868326937a0038547761e1ba9caf4971891ad9es%3A32%3A%223ke7gsBdtnxPluMeE9uj3ir-ka-h3l-W%22%3B; PHPSESSID=0ojs9q3cbtnl2jgct46ectvu42'
    'PATH' => '/usr/local/sbin:/usr/local/bin:/usr/sbin:/usr/bin:/sbin:/bin'
    'SERVER_SIGNATURE' => '<address>Apache/2.4.7 (Ubuntu) Server at admin.priemnaya.com Port 80</address>
'
    'SERVER_SOFTWARE' => 'Apache/2.4.7 (Ubuntu)'
    'SERVER_NAME' => 'admin.priemnaya.com'
    'SERVER_ADDR' => '192.168.1.102'
    'SERVER_PORT' => '80'
    'REMOTE_ADDR' => '192.168.1.104'
    'DOCUMENT_ROOT' => '/var/www/priemnaya/backend/web/'
    'REQUEST_SCHEME' => 'http'
    'CONTEXT_PREFIX' => ''
    'CONTEXT_DOCUMENT_ROOT' => '/var/www/priemnaya/backend/web/'
    'SERVER_ADMIN' => 'webmaster@localhost'
    'SCRIPT_FILENAME' => '/var/www/priemnaya/backend/web/index.php'
    'REMOTE_PORT' => '53789'
    'GATEWAY_INTERFACE' => 'CGI/1.1'
    'SERVER_PROTOCOL' => 'HTTP/1.1'
    'REQUEST_METHOD' => 'POST'
    'QUERY_STRING' => 'r=site%2Flogin'
    'REQUEST_URI' => '/index.php?r=site%2Flogin'
    'SCRIPT_NAME' => '/index.php'
    'PHP_SELF' => '/index.php'
    'REQUEST_TIME_FLOAT' => 1424084664.673
    'REQUEST_TIME' => 1424084664
]
2015-02-16 11:04:27 [192.168.1.104][-][-][warning][yii\debug\Module::checkAccess] Access to debugger is denied due to IP address restriction. The requesting IP address is 192.168.1.104
    in /var/www/priemnaya/backend/views/layouts/main.php:68
    in /var/www/priemnaya/backend/controllers/SiteController.php:73
2015-02-16 11:04:27 [192.168.1.104][-][-][info][application] $_GET = [
    'r' => 'site/login'
]

$_POST = [
    '_csrf' => 'QzlnUDJURC5wUgJnVScGSjdXHwBeIQlLBgASOgE9NgMoWEo4AThpeQ=='
    'LoginForm' => [
        'username' => 'admin'
        'password' => 'admin'
        'rememberMe' => '0'
    ]
    'login-button' => ''
]

$_COOKIE = [
    '_csrf' => 'f06884cdb0da7e9460d0ad26b868326937a0038547761e1ba9caf4971891ad9es:32:\"3ke7gsBdtnxPluMeE9uj3ir-ka-h3l-W\";'
    'PHPSESSID' => '0ojs9q3cbtnl2jgct46ectvu42'
]

$_SESSION = [
    '__flash' => []
    '__returnUrl' => '/index.php'
]

$_SERVER = [
    'HTTP_HOST' => 'admin.priemnaya.com'
    'HTTP_CONNECTION' => 'keep-alive'
    'CONTENT_LENGTH' => '168'
    'HTTP_CACHE_CONTROL' => 'max-age=0'
    'HTTP_ACCEPT' => 'text/html,application/xhtml+xml,application/xml;q=0.9,image/webp,*/*;q=0.8'
    'HTTP_ORIGIN' => 'http://admin.priemnaya.com'
    'HTTP_USER_AGENT' => 'Mozilla/5.0 (Windows NT 6.3; Win64; x64) AppleWebKit/537.36 (KHTML, like Gecko) Chrome/40.0.2214.111 Safari/537.36'
    'CONTENT_TYPE' => 'application/x-www-form-urlencoded'
    'HTTP_REFERER' => 'http://admin.priemnaya.com/index.php?r=site%2Flogin'
    'HTTP_ACCEPT_ENCODING' => 'gzip, deflate'
    'HTTP_ACCEPT_LANGUAGE' => 'ru-RU,ru;q=0.8,en-US;q=0.6,en;q=0.4,de;q=0.2,ro;q=0.2'
    'HTTP_COOKIE' => '_csrf=f06884cdb0da7e9460d0ad26b868326937a0038547761e1ba9caf4971891ad9es%3A32%3A%223ke7gsBdtnxPluMeE9uj3ir-ka-h3l-W%22%3B; PHPSESSID=0ojs9q3cbtnl2jgct46ectvu42'
    'PATH' => '/usr/local/sbin:/usr/local/bin:/usr/sbin:/usr/bin:/sbin:/bin'
    'SERVER_SIGNATURE' => '<address>Apache/2.4.7 (Ubuntu) Server at admin.priemnaya.com Port 80</address>
'
    'SERVER_SOFTWARE' => 'Apache/2.4.7 (Ubuntu)'
    'SERVER_NAME' => 'admin.priemnaya.com'
    'SERVER_ADDR' => '192.168.1.102'
    'SERVER_PORT' => '80'
    'REMOTE_ADDR' => '192.168.1.104'
    'DOCUMENT_ROOT' => '/var/www/priemnaya/backend/web/'
    'REQUEST_SCHEME' => 'http'
    'CONTEXT_PREFIX' => ''
    'CONTEXT_DOCUMENT_ROOT' => '/var/www/priemnaya/backend/web/'
    'SERVER_ADMIN' => 'webmaster@localhost'
    'SCRIPT_FILENAME' => '/var/www/priemnaya/backend/web/index.php'
    'REMOTE_PORT' => '53790'
    'GATEWAY_INTERFACE' => 'CGI/1.1'
    'SERVER_PROTOCOL' => 'HTTP/1.1'
    'REQUEST_METHOD' => 'POST'
    'QUERY_STRING' => 'r=site%2Flogin'
    'REQUEST_URI' => '/index.php?r=site%2Flogin'
    'SCRIPT_NAME' => '/index.php'
    'PHP_SELF' => '/index.php'
    'REQUEST_TIME_FLOAT' => 1424084667.794
    'REQUEST_TIME' => 1424084667
]
2015-02-16 11:22:26 [192.168.1.104][-][-][warning][yii\gii\Module::checkAccess] Access to Gii is denied due to IP address restriction. The requested IP is 192.168.1.104
2015-02-16 11:22:26 [192.168.1.104][-][-][error][yii\web\HttpException:403] exception 'yii\web\ForbiddenHttpException' with message 'You are not allowed to access this page.' in /var/www/priemnaya/vendor/yiisoft/yii2-gii/Module.php:112
Stack trace:
#0 /var/www/priemnaya/vendor/yiisoft/yii2/base/Controller.php(139): yii\gii\Module->beforeAction(Object(yii\base\InlineAction))
#1 /var/www/priemnaya/vendor/yiisoft/yii2/base/Module.php(455): yii\base\Controller->runAction('', Array)
#2 /var/www/priemnaya/vendor/yiisoft/yii2/web/Application.php(83): yii\base\Module->runAction('gii', Array)
#3 /var/www/priemnaya/vendor/yiisoft/yii2/base/Application.php(375): yii\web\Application->handleRequest(Object(yii\web\Request))
#4 /var/www/priemnaya/backend/web/index.php(18): yii\base\Application->run()
#5 {main}
2015-02-16 11:22:26 [192.168.1.104][-][-][warning][yii\debug\Module::checkAccess] Access to debugger is denied due to IP address restriction. The requesting IP address is 192.168.1.104
    in /var/www/priemnaya/backend/views/layouts/main.php:68
2015-02-16 11:22:26 [192.168.1.104][-][-][info][application] $_GET = [
    'r' => 'gii'
]

$_COOKIE = [
    '_csrf' => 'f06884cdb0da7e9460d0ad26b868326937a0038547761e1ba9caf4971891ad9es:32:\"3ke7gsBdtnxPluMeE9uj3ir-ka-h3l-W\";'
    'PHPSESSID' => '0ojs9q3cbtnl2jgct46ectvu42'
]

$_SESSION = [
    '__flash' => []
    '__returnUrl' => '/index.php'
]

$_SERVER = [
    'HTTP_HOST' => 'admin.priemnaya.com'
    'HTTP_CONNECTION' => 'keep-alive'
    'HTTP_ACCEPT' => 'text/html,application/xhtml+xml,application/xml;q=0.9,image/webp,*/*;q=0.8'
    'HTTP_USER_AGENT' => 'Mozilla/5.0 (Windows NT 6.3; Win64; x64) AppleWebKit/537.36 (KHTML, like Gecko) Chrome/40.0.2214.111 Safari/537.36'
    'HTTP_ACCEPT_ENCODING' => 'gzip, deflate, sdch'
    'HTTP_ACCEPT_LANGUAGE' => 'ru-RU,ru;q=0.8,en-US;q=0.6,en;q=0.4,de;q=0.2,ro;q=0.2'
    'HTTP_COOKIE' => '_csrf=f06884cdb0da7e9460d0ad26b868326937a0038547761e1ba9caf4971891ad9es%3A32%3A%223ke7gsBdtnxPluMeE9uj3ir-ka-h3l-W%22%3B; PHPSESSID=0ojs9q3cbtnl2jgct46ectvu42'
    'PATH' => '/usr/local/sbin:/usr/local/bin:/usr/sbin:/usr/bin:/sbin:/bin'
    'SERVER_SIGNATURE' => '<address>Apache/2.4.7 (Ubuntu) Server at admin.priemnaya.com Port 80</address>
'
    'SERVER_SOFTWARE' => 'Apache/2.4.7 (Ubuntu)'
    'SERVER_NAME' => 'admin.priemnaya.com'
    'SERVER_ADDR' => '192.168.1.102'
    'SERVER_PORT' => '80'
    'REMOTE_ADDR' => '192.168.1.104'
    'DOCUMENT_ROOT' => '/var/www/priemnaya/backend/web/'
    'REQUEST_SCHEME' => 'http'
    'CONTEXT_PREFIX' => ''
    'CONTEXT_DOCUMENT_ROOT' => '/var/www/priemnaya/backend/web/'
    'SERVER_ADMIN' => 'webmaster@localhost'
    'SCRIPT_FILENAME' => '/var/www/priemnaya/backend/web/index.php'
    'REMOTE_PORT' => '54072'
    'GATEWAY_INTERFACE' => 'CGI/1.1'
    'SERVER_PROTOCOL' => 'HTTP/1.1'
    'REQUEST_METHOD' => 'GET'
    'QUERY_STRING' => 'r=gii'
    'REQUEST_URI' => '/index.php?r=gii'
    'SCRIPT_NAME' => '/index.php'
    'PHP_SELF' => '/index.php'
    'REQUEST_TIME_FLOAT' => 1424085746.873
    'REQUEST_TIME' => 1424085746
]
2015-02-16 11:22:28 [192.168.1.104][-][-][warning][yii\gii\Module::checkAccess] Access to Gii is denied due to IP address restriction. The requested IP is 192.168.1.104
2015-02-16 11:22:28 [192.168.1.104][-][-][error][yii\web\HttpException:403] exception 'yii\web\ForbiddenHttpException' with message 'You are not allowed to access this page.' in /var/www/priemnaya/vendor/yiisoft/yii2-gii/Module.php:112
Stack trace:
#0 /var/www/priemnaya/vendor/yiisoft/yii2/base/Controller.php(139): yii\gii\Module->beforeAction(Object(yii\base\InlineAction))
#1 /var/www/priemnaya/vendor/yiisoft/yii2/base/Module.php(455): yii\base\Controller->runAction('', Array)
#2 /var/www/priemnaya/vendor/yiisoft/yii2/web/Application.php(83): yii\base\Module->runAction('gii', Array)
#3 /var/www/priemnaya/vendor/yiisoft/yii2/base/Application.php(375): yii\web\Application->handleRequest(Object(yii\web\Request))
#4 /var/www/priemnaya/backend/web/index.php(18): yii\base\Application->run()
#5 {main}
2015-02-16 11:22:28 [192.168.1.104][-][-][warning][yii\debug\Module::checkAccess] Access to debugger is denied due to IP address restriction. The requesting IP address is 192.168.1.104
    in /var/www/priemnaya/backend/views/layouts/main.php:68
2015-02-16 11:22:28 [192.168.1.104][-][-][info][application] $_GET = [
    'r' => 'gii'
]

$_COOKIE = [
    '_csrf' => 'f06884cdb0da7e9460d0ad26b868326937a0038547761e1ba9caf4971891ad9es:32:\"3ke7gsBdtnxPluMeE9uj3ir-ka-h3l-W\";'
    'PHPSESSID' => '0ojs9q3cbtnl2jgct46ectvu42'
]

$_SESSION = [
    '__flash' => []
    '__returnUrl' => '/index.php'
]

$_SERVER = [
    'HTTP_HOST' => 'admin.priemnaya.com'
    'HTTP_CONNECTION' => 'keep-alive'
    'HTTP_CACHE_CONTROL' => 'max-age=0'
    'HTTP_ACCEPT' => 'text/html,application/xhtml+xml,application/xml;q=0.9,image/webp,*/*;q=0.8'
    'HTTP_USER_AGENT' => 'Mozilla/5.0 (Windows NT 6.3; Win64; x64) AppleWebKit/537.36 (KHTML, like Gecko) Chrome/40.0.2214.111 Safari/537.36'
    'HTTP_ACCEPT_ENCODING' => 'gzip, deflate, sdch'
    'HTTP_ACCEPT_LANGUAGE' => 'ru-RU,ru;q=0.8,en-US;q=0.6,en;q=0.4,de;q=0.2,ro;q=0.2'
    'HTTP_COOKIE' => '_csrf=f06884cdb0da7e9460d0ad26b868326937a0038547761e1ba9caf4971891ad9es%3A32%3A%223ke7gsBdtnxPluMeE9uj3ir-ka-h3l-W%22%3B; PHPSESSID=0ojs9q3cbtnl2jgct46ectvu42'
    'PATH' => '/usr/local/sbin:/usr/local/bin:/usr/sbin:/usr/bin:/sbin:/bin'
    'SERVER_SIGNATURE' => '<address>Apache/2.4.7 (Ubuntu) Server at admin.priemnaya.com Port 80</address>
'
    'SERVER_SOFTWARE' => 'Apache/2.4.7 (Ubuntu)'
    'SERVER_NAME' => 'admin.priemnaya.com'
    'SERVER_ADDR' => '192.168.1.102'
    'SERVER_PORT' => '80'
    'REMOTE_ADDR' => '192.168.1.104'
    'DOCUMENT_ROOT' => '/var/www/priemnaya/backend/web/'
    'REQUEST_SCHEME' => 'http'
    'CONTEXT_PREFIX' => ''
    'CONTEXT_DOCUMENT_ROOT' => '/var/www/priemnaya/backend/web/'
    'SERVER_ADMIN' => 'webmaster@localhost'
    'SCRIPT_FILENAME' => '/var/www/priemnaya/backend/web/index.php'
    'REMOTE_PORT' => '54073'
    'GATEWAY_INTERFACE' => 'CGI/1.1'
    'SERVER_PROTOCOL' => 'HTTP/1.1'
    'REQUEST_METHOD' => 'GET'
    'QUERY_STRING' => 'r=gii'
    'REQUEST_URI' => '/index.php?r=gii'
    'SCRIPT_NAME' => '/index.php'
    'PHP_SELF' => '/index.php'
    'REQUEST_TIME_FLOAT' => 1424085748.284
    'REQUEST_TIME' => 1424085748
]
2015-02-16 11:22:28 [192.168.1.104][-][-][warning][yii\gii\Module::checkAccess] Access to Gii is denied due to IP address restriction. The requested IP is 192.168.1.104
2015-02-16 11:22:28 [192.168.1.104][-][-][error][yii\web\HttpException:403] exception 'yii\web\ForbiddenHttpException' with message 'You are not allowed to access this page.' in /var/www/priemnaya/vendor/yiisoft/yii2-gii/Module.php:112
Stack trace:
#0 /var/www/priemnaya/vendor/yiisoft/yii2/base/Controller.php(139): yii\gii\Module->beforeAction(Object(yii\base\InlineAction))
#1 /var/www/priemnaya/vendor/yiisoft/yii2/base/Module.php(455): yii\base\Controller->runAction('', Array)
#2 /var/www/priemnaya/vendor/yiisoft/yii2/web/Application.php(83): yii\base\Module->runAction('gii', Array)
#3 /var/www/priemnaya/vendor/yiisoft/yii2/base/Application.php(375): yii\web\Application->handleRequest(Object(yii\web\Request))
#4 /var/www/priemnaya/backend/web/index.php(18): yii\base\Application->run()
#5 {main}
2015-02-16 11:22:28 [192.168.1.104][-][-][warning][yii\debug\Module::checkAccess] Access to debugger is denied due to IP address restriction. The requesting IP address is 192.168.1.104
    in /var/www/priemnaya/backend/views/layouts/main.php:68
2015-02-16 11:22:28 [192.168.1.104][-][-][info][application] $_GET = [
    'r' => 'gii'
]

$_COOKIE = [
    '_csrf' => 'f06884cdb0da7e9460d0ad26b868326937a0038547761e1ba9caf4971891ad9es:32:\"3ke7gsBdtnxPluMeE9uj3ir-ka-h3l-W\";'
    'PHPSESSID' => '0ojs9q3cbtnl2jgct46ectvu42'
]

$_SESSION = [
    '__flash' => []
    '__returnUrl' => '/index.php'
]

$_SERVER = [
    'HTTP_HOST' => 'admin.priemnaya.com'
    'HTTP_CONNECTION' => 'keep-alive'
    'HTTP_CACHE_CONTROL' => 'max-age=0'
    'HTTP_ACCEPT' => 'text/html,application/xhtml+xml,application/xml;q=0.9,image/webp,*/*;q=0.8'
    'HTTP_USER_AGENT' => 'Mozilla/5.0 (Windows NT 6.3; Win64; x64) AppleWebKit/537.36 (KHTML, like Gecko) Chrome/40.0.2214.111 Safari/537.36'
    'HTTP_ACCEPT_ENCODING' => 'gzip, deflate, sdch'
    'HTTP_ACCEPT_LANGUAGE' => 'ru-RU,ru;q=0.8,en-US;q=0.6,en;q=0.4,de;q=0.2,ro;q=0.2'
    'HTTP_COOKIE' => '_csrf=f06884cdb0da7e9460d0ad26b868326937a0038547761e1ba9caf4971891ad9es%3A32%3A%223ke7gsBdtnxPluMeE9uj3ir-ka-h3l-W%22%3B; PHPSESSID=0ojs9q3cbtnl2jgct46ectvu42'
    'PATH' => '/usr/local/sbin:/usr/local/bin:/usr/sbin:/usr/bin:/sbin:/bin'
    'SERVER_SIGNATURE' => '<address>Apache/2.4.7 (Ubuntu) Server at admin.priemnaya.com Port 80</address>
'
    'SERVER_SOFTWARE' => 'Apache/2.4.7 (Ubuntu)'
    'SERVER_NAME' => 'admin.priemnaya.com'
    'SERVER_ADDR' => '192.168.1.102'
    'SERVER_PORT' => '80'
    'REMOTE_ADDR' => '192.168.1.104'
    'DOCUMENT_ROOT' => '/var/www/priemnaya/backend/web/'
    'REQUEST_SCHEME' => 'http'
    'CONTEXT_PREFIX' => ''
    'CONTEXT_DOCUMENT_ROOT' => '/var/www/priemnaya/backend/web/'
    'SERVER_ADMIN' => 'webmaster@localhost'
    'SCRIPT_FILENAME' => '/var/www/priemnaya/backend/web/index.php'
    'REMOTE_PORT' => '54075'
    'GATEWAY_INTERFACE' => 'CGI/1.1'
    'SERVER_PROTOCOL' => 'HTTP/1.1'
    'REQUEST_METHOD' => 'GET'
    'QUERY_STRING' => 'r=gii'
    'REQUEST_URI' => '/index.php?r=gii'
    'SCRIPT_NAME' => '/index.php'
    'PHP_SELF' => '/index.php'
    'REQUEST_TIME_FLOAT' => 1424085748.74
    'REQUEST_TIME' => 1424085748
]
2015-02-16 11:22:28 [192.168.1.104][-][-][warning][yii\gii\Module::checkAccess] Access to Gii is denied due to IP address restriction. The requested IP is 192.168.1.104
2015-02-16 11:22:28 [192.168.1.104][-][-][error][yii\web\HttpException:403] exception 'yii\web\ForbiddenHttpException' with message 'You are not allowed to access this page.' in /var/www/priemnaya/vendor/yiisoft/yii2-gii/Module.php:112
Stack trace:
#0 /var/www/priemnaya/vendor/yiisoft/yii2/base/Controller.php(139): yii\gii\Module->beforeAction(Object(yii\base\InlineAction))
#1 /var/www/priemnaya/vendor/yiisoft/yii2/base/Module.php(455): yii\base\Controller->runAction('', Array)
#2 /var/www/priemnaya/vendor/yiisoft/yii2/web/Application.php(83): yii\base\Module->runAction('gii', Array)
#3 /var/www/priemnaya/vendor/yiisoft/yii2/base/Application.php(375): yii\web\Application->handleRequest(Object(yii\web\Request))
#4 /var/www/priemnaya/backend/web/index.php(18): yii\base\Application->run()
#5 {main}
2015-02-16 11:22:28 [192.168.1.104][-][-][warning][yii\debug\Module::checkAccess] Access to debugger is denied due to IP address restriction. The requesting IP address is 192.168.1.104
    in /var/www/priemnaya/backend/views/layouts/main.php:68
2015-02-16 11:22:28 [192.168.1.104][-][-][info][application] $_GET = [
    'r' => 'gii'
]

$_COOKIE = [
    '_csrf' => 'f06884cdb0da7e9460d0ad26b868326937a0038547761e1ba9caf4971891ad9es:32:\"3ke7gsBdtnxPluMeE9uj3ir-ka-h3l-W\";'
    'PHPSESSID' => '0ojs9q3cbtnl2jgct46ectvu42'
]

$_SESSION = [
    '__flash' => []
    '__returnUrl' => '/index.php'
]

$_SERVER = [
    'HTTP_HOST' => 'admin.priemnaya.com'
    'HTTP_CONNECTION' => 'keep-alive'
    'HTTP_CACHE_CONTROL' => 'max-age=0'
    'HTTP_ACCEPT' => 'text/html,application/xhtml+xml,application/xml;q=0.9,image/webp,*/*;q=0.8'
    'HTTP_USER_AGENT' => 'Mozilla/5.0 (Windows NT 6.3; Win64; x64) AppleWebKit/537.36 (KHTML, like Gecko) Chrome/40.0.2214.111 Safari/537.36'
    'HTTP_ACCEPT_ENCODING' => 'gzip, deflate, sdch'
    'HTTP_ACCEPT_LANGUAGE' => 'ru-RU,ru;q=0.8,en-US;q=0.6,en;q=0.4,de;q=0.2,ro;q=0.2'
    'HTTP_COOKIE' => '_csrf=f06884cdb0da7e9460d0ad26b868326937a0038547761e1ba9caf4971891ad9es%3A32%3A%223ke7gsBdtnxPluMeE9uj3ir-ka-h3l-W%22%3B; PHPSESSID=0ojs9q3cbtnl2jgct46ectvu42'
    'PATH' => '/usr/local/sbin:/usr/local/bin:/usr/sbin:/usr/bin:/sbin:/bin'
    'SERVER_SIGNATURE' => '<address>Apache/2.4.7 (Ubuntu) Server at admin.priemnaya.com Port 80</address>
'
    'SERVER_SOFTWARE' => 'Apache/2.4.7 (Ubuntu)'
    'SERVER_NAME' => 'admin.priemnaya.com'
    'SERVER_ADDR' => '192.168.1.102'
    'SERVER_PORT' => '80'
    'REMOTE_ADDR' => '192.168.1.104'
    'DOCUMENT_ROOT' => '/var/www/priemnaya/backend/web/'
    'REQUEST_SCHEME' => 'http'
    'CONTEXT_PREFIX' => ''
    'CONTEXT_DOCUMENT_ROOT' => '/var/www/priemnaya/backend/web/'
    'SERVER_ADMIN' => 'webmaster@localhost'
    'SCRIPT_FILENAME' => '/var/www/priemnaya/backend/web/index.php'
    'REMOTE_PORT' => '54072'
    'GATEWAY_INTERFACE' => 'CGI/1.1'
    'SERVER_PROTOCOL' => 'HTTP/1.1'
    'REQUEST_METHOD' => 'GET'
    'QUERY_STRING' => 'r=gii'
    'REQUEST_URI' => '/index.php?r=gii'
    'SCRIPT_NAME' => '/index.php'
    'PHP_SELF' => '/index.php'
    'REQUEST_TIME_FLOAT' => 1424085748.958
    'REQUEST_TIME' => 1424085748
]
