2015-02-16 10:57:42 [192.168.1.104][-][-][error][yii\base\ErrorException:1] exception 'yii\base\ErrorException' with message 'Class 'frontend\assets\AppAsset' not found' in /var/www/priemnaya/frontend/views/layouts/main.php:12
Stack trace:
#0 [internal function]: yii\base\ErrorHandler->handleFatalError()
#1 {main}
2015-02-16 10:57:42 [192.168.1.104][-][-][info][application] $_SERVER = [
    'HTTP_HOST' => 'loc.priemnaya.com'
    'HTTP_CONNECTION' => 'keep-alive'
    'HTTP_CACHE_CONTROL' => 'max-age=0'
    'HTTP_ACCEPT' => 'text/html,application/xhtml+xml,application/xml;q=0.9,image/webp,*/*;q=0.8'
    'HTTP_USER_AGENT' => 'Mozilla/5.0 (Windows NT 6.3; Win64; x64) AppleWebKit/537.36 (KHTML, like Gecko) Chrome/40.0.2214.111 Safari/537.36'
    'HTTP_ACCEPT_ENCODING' => 'gzip, deflate, sdch'
    'HTTP_ACCEPT_LANGUAGE' => 'ru-RU,ru;q=0.8,en-US;q=0.6,en;q=0.4,de;q=0.2,ro;q=0.2'
    'PATH' => '/usr/local/sbin:/usr/local/bin:/usr/sbin:/usr/bin:/sbin:/bin'
    'SERVER_SIGNATURE' => '<address>Apache/2.4.7 (Ubuntu) Server at loc.priemnaya.com Port 80</address>
'
    'SERVER_SOFTWARE' => 'Apache/2.4.7 (Ubuntu)'
    'SERVER_NAME' => 'loc.priemnaya.com'
    'SERVER_ADDR' => '192.168.1.102'
    'SERVER_PORT' => '80'
    'REMOTE_ADDR' => '192.168.1.104'
    'DOCUMENT_ROOT' => '/var/www/priemnaya/frontend/web/'
    'REQUEST_SCHEME' => 'http'
    'CONTEXT_PREFIX' => ''
    'CONTEXT_DOCUMENT_ROOT' => '/var/www/priemnaya/frontend/web/'
    'SERVER_ADMIN' => 'webmaster@localhost'
    'SCRIPT_FILENAME' => '/var/www/priemnaya/frontend/web/index.php'
    'REMOTE_PORT' => '53714'
    'GATEWAY_INTERFACE' => 'CGI/1.1'
    'SERVER_PROTOCOL' => 'HTTP/1.1'
    'REQUEST_METHOD' => 'GET'
    'QUERY_STRING' => ''
    'REQUEST_URI' => '/'
    'SCRIPT_NAME' => '/index.php'
    'PHP_SELF' => '/index.php'
    'REQUEST_TIME_FLOAT' => 1424084262.069
    'REQUEST_TIME' => 1424084262
]
2015-02-16 10:57:42 [192.168.1.104][-][-][warning][yii\log\Dispatcher::dispatch] Unable to send log via yii\debug\LogTarget: Exception (Invalid Configuration) 'yii\base\InvalidConfigException' with message 'The directory does not exist: /var/www/priemnaya/frontend/web/assets' 

in /var/www/priemnaya/vendor/yiisoft/yii2/web/AssetManager.php:166

Stack trace:
#0 /var/www/priemnaya/vendor/yiisoft/yii2/base/Object.php(107): yii\web\AssetManager->init()
#1 [internal function]: yii\base\Object->__construct(Array)
#2 /var/www/priemnaya/vendor/yiisoft/yii2/di/Container.php(362): ReflectionClass->newInstanceArgs(Array)
#3 /var/www/priemnaya/vendor/yiisoft/yii2/di/Container.php(147): yii\di\Container->build('yii\web\AssetMa...', Array, Array)
#4 /var/www/priemnaya/vendor/yiisoft/yii2/BaseYii.php(344): yii\di\Container->get('yii\web\AssetMa...', Array, Array)
#5 /var/www/priemnaya/vendor/yiisoft/yii2/di/ServiceLocator.php(133): yii\BaseYii::createObject(Array)
#6 /var/www/priemnaya/vendor/yiisoft/yii2/base/Application.php(600): yii\di\ServiceLocator->get('assetManager')
#7 /var/www/priemnaya/vendor/yiisoft/yii2/web/View.php(223): yii\base\Application->getAssetManager()
#8 /var/www/priemnaya/vendor/yiisoft/yii2/base/Component.php(130): yii\web\View->getAssetManager()
#9 /var/www/priemnaya/vendor/yiisoft/yii2-debug/panels/AssetPanel.php(53): yii\base\Component->__get('assetManager')
#10 /var/www/priemnaya/vendor/yiisoft/yii2-debug/LogTarget.php(55): yii\debug\panels\AssetPanel->save()
#11 /var/www/priemnaya/vendor/yiisoft/yii2-debug/LogTarget.php(112): yii\debug\LogTarget->export(Array)
#12 /var/www/priemnaya/vendor/yiisoft/yii2/log/Dispatcher.php(183): yii\debug\LogTarget->collect(Array, true)
#13 /var/www/priemnaya/vendor/yiisoft/yii2/log/Logger.php(170): yii\log\Dispatcher->dispatch(Array, true)
#14 /var/www/priemnaya/vendor/yiisoft/yii2/base/ErrorHandler.php(184): yii\log\Logger->flush(true)
#15 [internal function]: yii\base\ErrorHandler->handleFatalError()
#16 {main}
2015-02-16 10:57:42 [192.168.1.104][-][-][info][application] $_SERVER = [
    'HTTP_HOST' => 'loc.priemnaya.com'
    'HTTP_CONNECTION' => 'keep-alive'
    'HTTP_CACHE_CONTROL' => 'max-age=0'
    'HTTP_ACCEPT' => 'text/html,application/xhtml+xml,application/xml;q=0.9,image/webp,*/*;q=0.8'
    'HTTP_USER_AGENT' => 'Mozilla/5.0 (Windows NT 6.3; Win64; x64) AppleWebKit/537.36 (KHTML, like Gecko) Chrome/40.0.2214.111 Safari/537.36'
    'HTTP_ACCEPT_ENCODING' => 'gzip, deflate, sdch'
    'HTTP_ACCEPT_LANGUAGE' => 'ru-RU,ru;q=0.8,en-US;q=0.6,en;q=0.4,de;q=0.2,ro;q=0.2'
    'PATH' => '/usr/local/sbin:/usr/local/bin:/usr/sbin:/usr/bin:/sbin:/bin'
    'SERVER_SIGNATURE' => '<address>Apache/2.4.7 (Ubuntu) Server at loc.priemnaya.com Port 80</address>
'
    'SERVER_SOFTWARE' => 'Apache/2.4.7 (Ubuntu)'
    'SERVER_NAME' => 'loc.priemnaya.com'
    'SERVER_ADDR' => '192.168.1.102'
    'SERVER_PORT' => '80'
    'REMOTE_ADDR' => '192.168.1.104'
    'DOCUMENT_ROOT' => '/var/www/priemnaya/frontend/web/'
    'REQUEST_SCHEME' => 'http'
    'CONTEXT_PREFIX' => ''
    'CONTEXT_DOCUMENT_ROOT' => '/var/www/priemnaya/frontend/web/'
    'SERVER_ADMIN' => 'webmaster@localhost'
    'SCRIPT_FILENAME' => '/var/www/priemnaya/frontend/web/index.php'
    'REMOTE_PORT' => '53714'
    'GATEWAY_INTERFACE' => 'CGI/1.1'
    'SERVER_PROTOCOL' => 'HTTP/1.1'
    'REQUEST_METHOD' => 'GET'
    'QUERY_STRING' => ''
    'REQUEST_URI' => '/'
    'SCRIPT_NAME' => '/index.php'
    'PHP_SELF' => '/index.php'
    'REQUEST_TIME_FLOAT' => 1424084262.069
    'REQUEST_TIME' => 1424084262
]
2015-02-16 10:58:41 [192.168.1.104][-][-][error][yii\base\InvalidConfigException] exception 'yii\base\InvalidConfigException' with message 'The directory does not exist: /var/www/priemnaya/frontend/web/assets' in /var/www/priemnaya/vendor/yiisoft/yii2/web/AssetManager.php:166
Stack trace:
#0 /var/www/priemnaya/vendor/yiisoft/yii2/base/Object.php(107): yii\web\AssetManager->init()
#1 [internal function]: yii\base\Object->__construct(Array)
#2 /var/www/priemnaya/vendor/yiisoft/yii2/di/Container.php(362): ReflectionClass->newInstanceArgs(Array)
#3 /var/www/priemnaya/vendor/yiisoft/yii2/di/Container.php(147): yii\di\Container->build('yii\web\AssetMa...', Array, Array)
#4 /var/www/priemnaya/vendor/yiisoft/yii2/BaseYii.php(344): yii\di\Container->get('yii\web\AssetMa...', Array, Array)
#5 /var/www/priemnaya/vendor/yiisoft/yii2/di/ServiceLocator.php(133): yii\BaseYii::createObject(Array)
#6 /var/www/priemnaya/vendor/yiisoft/yii2/base/Application.php(600): yii\di\ServiceLocator->get('assetManager')
#7 /var/www/priemnaya/vendor/yiisoft/yii2/web/View.php(223): yii\base\Application->getAssetManager()
#8 /var/www/priemnaya/vendor/yiisoft/yii2/web/View.php(283): yii\web\View->getAssetManager()
#9 /var/www/priemnaya/vendor/yiisoft/yii2/web/AssetBundle.php(118): yii\web\View->registerAssetBundle('frontend\assets...')
#10 /var/www/priemnaya/frontend/views/layouts/main.php(12): yii\web\AssetBundle::register(Object(yii\web\View))
#11 /var/www/priemnaya/vendor/yiisoft/yii2/base/View.php(325): require('/var/www/priemn...')
#12 /var/www/priemnaya/vendor/yiisoft/yii2/base/View.php(247): yii\base\View->renderPhpFile('/var/www/priemn...', Array)
#13 /var/www/priemnaya/vendor/yiisoft/yii2/base/Controller.php(382): yii\base\View->renderFile('/var/www/priemn...', Array, Object(frontend\controllers\SiteController))
#14 /var/www/priemnaya/vendor/yiisoft/yii2/base/Controller.php(368): yii\base\Controller->renderContent('<div class="sit...')
#15 /var/www/priemnaya/frontend/controllers/SiteController.php(70): yii\base\Controller->render('index')
#16 [internal function]: frontend\controllers\SiteController->actionIndex()
#17 /var/www/priemnaya/vendor/yiisoft/yii2/base/InlineAction.php(55): call_user_func_array(Array, Array)
#18 /var/www/priemnaya/vendor/yiisoft/yii2/base/Controller.php(151): yii\base\InlineAction->runWithParams(Array)
#19 /var/www/priemnaya/vendor/yiisoft/yii2/base/Module.php(455): yii\base\Controller->runAction('', Array)
#20 /var/www/priemnaya/vendor/yiisoft/yii2/web/Application.php(83): yii\base\Module->runAction('', Array)
#21 /var/www/priemnaya/vendor/yiisoft/yii2/base/Application.php(375): yii\web\Application->handleRequest(Object(yii\web\Request))
#22 /var/www/priemnaya/frontend/web/index.php(18): yii\base\Application->run()
#23 {main}
2015-02-16 10:58:41 [192.168.1.104][-][-][warning][yii\debug\Module::checkAccess] Access to debugger is denied due to IP address restriction. The requesting IP address is 192.168.1.104
2015-02-16 10:58:41 [192.168.1.104][-][-][info][application] $_SERVER = [
    'HTTP_HOST' => 'loc.priemnaya.com'
    'HTTP_CONNECTION' => 'keep-alive'
    'HTTP_CACHE_CONTROL' => 'max-age=0'
    'HTTP_ACCEPT' => 'text/html,application/xhtml+xml,application/xml;q=0.9,image/webp,*/*;q=0.8'
    'HTTP_USER_AGENT' => 'Mozilla/5.0 (Windows NT 6.3; Win64; x64) AppleWebKit/537.36 (KHTML, like Gecko) Chrome/40.0.2214.111 Safari/537.36'
    'HTTP_ACCEPT_ENCODING' => 'gzip, deflate, sdch'
    'HTTP_ACCEPT_LANGUAGE' => 'ru-RU,ru;q=0.8,en-US;q=0.6,en;q=0.4,de;q=0.2,ro;q=0.2'
    'PATH' => '/usr/local/sbin:/usr/local/bin:/usr/sbin:/usr/bin:/sbin:/bin'
    'SERVER_SIGNATURE' => '<address>Apache/2.4.7 (Ubuntu) Server at loc.priemnaya.com Port 80</address>
'
    'SERVER_SOFTWARE' => 'Apache/2.4.7 (Ubuntu)'
    'SERVER_NAME' => 'loc.priemnaya.com'
    'SERVER_ADDR' => '192.168.1.102'
    'SERVER_PORT' => '80'
    'REMOTE_ADDR' => '192.168.1.104'
    'DOCUMENT_ROOT' => '/var/www/priemnaya/frontend/web/'
    'REQUEST_SCHEME' => 'http'
    'CONTEXT_PREFIX' => ''
    'CONTEXT_DOCUMENT_ROOT' => '/var/www/priemnaya/frontend/web/'
    'SERVER_ADMIN' => 'webmaster@localhost'
    'SCRIPT_FILENAME' => '/var/www/priemnaya/frontend/web/index.php'
    'REMOTE_PORT' => '53719'
    'GATEWAY_INTERFACE' => 'CGI/1.1'
    'SERVER_PROTOCOL' => 'HTTP/1.1'
    'REQUEST_METHOD' => 'GET'
    'QUERY_STRING' => ''
    'REQUEST_URI' => '/'
    'SCRIPT_NAME' => '/index.php'
    'PHP_SELF' => '/index.php'
    'REQUEST_TIME_FLOAT' => 1424084321.53
    'REQUEST_TIME' => 1424084321
]
2015-02-16 10:58:41 [192.168.1.104][-][-][warning][yii\log\Dispatcher::dispatch] Unable to send log via yii\debug\LogTarget: Exception (Invalid Configuration) 'yii\base\InvalidConfigException' with message 'The directory does not exist: /var/www/priemnaya/frontend/web/assets' 

in /var/www/priemnaya/vendor/yiisoft/yii2/web/AssetManager.php:166

Stack trace:
#0 /var/www/priemnaya/vendor/yiisoft/yii2/base/Object.php(107): yii\web\AssetManager->init()
#1 [internal function]: yii\base\Object->__construct(Array)
#2 /var/www/priemnaya/vendor/yiisoft/yii2/di/Container.php(362): ReflectionClass->newInstanceArgs(Array)
#3 /var/www/priemnaya/vendor/yiisoft/yii2/di/Container.php(147): yii\di\Container->build('yii\web\AssetMa...', Array, Array)
#4 /var/www/priemnaya/vendor/yiisoft/yii2/BaseYii.php(344): yii\di\Container->get('yii\web\AssetMa...', Array, Array)
#5 /var/www/priemnaya/vendor/yiisoft/yii2/di/ServiceLocator.php(133): yii\BaseYii::createObject(Array)
#6 /var/www/priemnaya/vendor/yiisoft/yii2/base/Application.php(600): yii\di\ServiceLocator->get('assetManager')
#7 /var/www/priemnaya/vendor/yiisoft/yii2/web/View.php(223): yii\base\Application->getAssetManager()
#8 /var/www/priemnaya/vendor/yiisoft/yii2/base/Component.php(130): yii\web\View->getAssetManager()
#9 /var/www/priemnaya/vendor/yiisoft/yii2-debug/panels/AssetPanel.php(53): yii\base\Component->__get('assetManager')
#10 /var/www/priemnaya/vendor/yiisoft/yii2-debug/LogTarget.php(55): yii\debug\panels\AssetPanel->save()
#11 /var/www/priemnaya/vendor/yiisoft/yii2-debug/LogTarget.php(112): yii\debug\LogTarget->export(Array)
#12 /var/www/priemnaya/vendor/yiisoft/yii2/log/Dispatcher.php(183): yii\debug\LogTarget->collect(Array, true)
#13 /var/www/priemnaya/vendor/yiisoft/yii2/log/Logger.php(170): yii\log\Dispatcher->dispatch(Array, true)
#14 [internal function]: yii\log\Logger->flush(true)
#15 {main}
2015-02-16 10:58:41 [192.168.1.104][-][-][info][application] $_SERVER = [
    'HTTP_HOST' => 'loc.priemnaya.com'
    'HTTP_CONNECTION' => 'keep-alive'
    'HTTP_CACHE_CONTROL' => 'max-age=0'
    'HTTP_ACCEPT' => 'text/html,application/xhtml+xml,application/xml;q=0.9,image/webp,*/*;q=0.8'
    'HTTP_USER_AGENT' => 'Mozilla/5.0 (Windows NT 6.3; Win64; x64) AppleWebKit/537.36 (KHTML, like Gecko) Chrome/40.0.2214.111 Safari/537.36'
    'HTTP_ACCEPT_ENCODING' => 'gzip, deflate, sdch'
    'HTTP_ACCEPT_LANGUAGE' => 'ru-RU,ru;q=0.8,en-US;q=0.6,en;q=0.4,de;q=0.2,ro;q=0.2'
    'PATH' => '/usr/local/sbin:/usr/local/bin:/usr/sbin:/usr/bin:/sbin:/bin'
    'SERVER_SIGNATURE' => '<address>Apache/2.4.7 (Ubuntu) Server at loc.priemnaya.com Port 80</address>
'
    'SERVER_SOFTWARE' => 'Apache/2.4.7 (Ubuntu)'
    'SERVER_NAME' => 'loc.priemnaya.com'
    'SERVER_ADDR' => '192.168.1.102'
    'SERVER_PORT' => '80'
    'REMOTE_ADDR' => '192.168.1.104'
    'DOCUMENT_ROOT' => '/var/www/priemnaya/frontend/web/'
    'REQUEST_SCHEME' => 'http'
    'CONTEXT_PREFIX' => ''
    'CONTEXT_DOCUMENT_ROOT' => '/var/www/priemnaya/frontend/web/'
    'SERVER_ADMIN' => 'webmaster@localhost'
    'SCRIPT_FILENAME' => '/var/www/priemnaya/frontend/web/index.php'
    'REMOTE_PORT' => '53719'
    'GATEWAY_INTERFACE' => 'CGI/1.1'
    'SERVER_PROTOCOL' => 'HTTP/1.1'
    'REQUEST_METHOD' => 'GET'
    'QUERY_STRING' => ''
    'REQUEST_URI' => '/'
    'SCRIPT_NAME' => '/index.php'
    'PHP_SELF' => '/index.php'
    'REQUEST_TIME_FLOAT' => 1424084321.53
    'REQUEST_TIME' => 1424084321
]
2015-02-16 10:58:56 [192.168.1.104][-][-][error][yii\base\InvalidConfigException] exception 'yii\base\InvalidConfigException' with message 'The directory is not writable by the Web process: /var/www/priemnaya/frontend/web/assets' in /var/www/priemnaya/vendor/yiisoft/yii2/web/AssetManager.php:168
Stack trace:
#0 /var/www/priemnaya/vendor/yiisoft/yii2/base/Object.php(107): yii\web\AssetManager->init()
#1 [internal function]: yii\base\Object->__construct(Array)
#2 /var/www/priemnaya/vendor/yiisoft/yii2/di/Container.php(362): ReflectionClass->newInstanceArgs(Array)
#3 /var/www/priemnaya/vendor/yiisoft/yii2/di/Container.php(147): yii\di\Container->build('yii\web\AssetMa...', Array, Array)
#4 /var/www/priemnaya/vendor/yiisoft/yii2/BaseYii.php(344): yii\di\Container->get('yii\web\AssetMa...', Array, Array)
#5 /var/www/priemnaya/vendor/yiisoft/yii2/di/ServiceLocator.php(133): yii\BaseYii::createObject(Array)
#6 /var/www/priemnaya/vendor/yiisoft/yii2/base/Application.php(600): yii\di\ServiceLocator->get('assetManager')
#7 /var/www/priemnaya/vendor/yiisoft/yii2/web/View.php(223): yii\base\Application->getAssetManager()
#8 /var/www/priemnaya/vendor/yiisoft/yii2/web/View.php(283): yii\web\View->getAssetManager()
#9 /var/www/priemnaya/vendor/yiisoft/yii2/web/AssetBundle.php(118): yii\web\View->registerAssetBundle('frontend\assets...')
#10 /var/www/priemnaya/frontend/views/layouts/main.php(12): yii\web\AssetBundle::register(Object(yii\web\View))
#11 /var/www/priemnaya/vendor/yiisoft/yii2/base/View.php(325): require('/var/www/priemn...')
#12 /var/www/priemnaya/vendor/yiisoft/yii2/base/View.php(247): yii\base\View->renderPhpFile('/var/www/priemn...', Array)
#13 /var/www/priemnaya/vendor/yiisoft/yii2/base/Controller.php(382): yii\base\View->renderFile('/var/www/priemn...', Array, Object(frontend\controllers\SiteController))
#14 /var/www/priemnaya/vendor/yiisoft/yii2/base/Controller.php(368): yii\base\Controller->renderContent('<div class="sit...')
#15 /var/www/priemnaya/frontend/controllers/SiteController.php(70): yii\base\Controller->render('index')
#16 [internal function]: frontend\controllers\SiteController->actionIndex()
#17 /var/www/priemnaya/vendor/yiisoft/yii2/base/InlineAction.php(55): call_user_func_array(Array, Array)
#18 /var/www/priemnaya/vendor/yiisoft/yii2/base/Controller.php(151): yii\base\InlineAction->runWithParams(Array)
#19 /var/www/priemnaya/vendor/yiisoft/yii2/base/Module.php(455): yii\base\Controller->runAction('', Array)
#20 /var/www/priemnaya/vendor/yiisoft/yii2/web/Application.php(83): yii\base\Module->runAction('', Array)
#21 /var/www/priemnaya/vendor/yiisoft/yii2/base/Application.php(375): yii\web\Application->handleRequest(Object(yii\web\Request))
#22 /var/www/priemnaya/frontend/web/index.php(18): yii\base\Application->run()
#23 {main}
2015-02-16 10:58:56 [192.168.1.104][-][-][warning][yii\debug\Module::checkAccess] Access to debugger is denied due to IP address restriction. The requesting IP address is 192.168.1.104
2015-02-16 10:58:56 [192.168.1.104][-][-][info][application] $_SERVER = [
    'HTTP_HOST' => 'loc.priemnaya.com'
    'HTTP_CONNECTION' => 'keep-alive'
    'HTTP_CACHE_CONTROL' => 'max-age=0'
    'HTTP_ACCEPT' => 'text/html,application/xhtml+xml,application/xml;q=0.9,image/webp,*/*;q=0.8'
    'HTTP_USER_AGENT' => 'Mozilla/5.0 (Windows NT 6.3; Win64; x64) AppleWebKit/537.36 (KHTML, like Gecko) Chrome/40.0.2214.111 Safari/537.36'
    'HTTP_ACCEPT_ENCODING' => 'gzip, deflate, sdch'
    'HTTP_ACCEPT_LANGUAGE' => 'ru-RU,ru;q=0.8,en-US;q=0.6,en;q=0.4,de;q=0.2,ro;q=0.2'
    'PATH' => '/usr/local/sbin:/usr/local/bin:/usr/sbin:/usr/bin:/sbin:/bin'
    'SERVER_SIGNATURE' => '<address>Apache/2.4.7 (Ubuntu) Server at loc.priemnaya.com Port 80</address>
'
    'SERVER_SOFTWARE' => 'Apache/2.4.7 (Ubuntu)'
    'SERVER_NAME' => 'loc.priemnaya.com'
    'SERVER_ADDR' => '192.168.1.102'
    'SERVER_PORT' => '80'
    'REMOTE_ADDR' => '192.168.1.104'
    'DOCUMENT_ROOT' => '/var/www/priemnaya/frontend/web/'
    'REQUEST_SCHEME' => 'http'
    'CONTEXT_PREFIX' => ''
    'CONTEXT_DOCUMENT_ROOT' => '/var/www/priemnaya/frontend/web/'
    'SERVER_ADMIN' => 'webmaster@localhost'
    'SCRIPT_FILENAME' => '/var/www/priemnaya/frontend/web/index.php'
    'REMOTE_PORT' => '53721'
    'GATEWAY_INTERFACE' => 'CGI/1.1'
    'SERVER_PROTOCOL' => 'HTTP/1.1'
    'REQUEST_METHOD' => 'GET'
    'QUERY_STRING' => ''
    'REQUEST_URI' => '/'
    'SCRIPT_NAME' => '/index.php'
    'PHP_SELF' => '/index.php'
    'REQUEST_TIME_FLOAT' => 1424084336.576
    'REQUEST_TIME' => 1424084336
]
2015-02-16 10:58:56 [192.168.1.104][-][-][warning][yii\log\Dispatcher::dispatch] Unable to send log via yii\debug\LogTarget: Exception (Invalid Configuration) 'yii\base\InvalidConfigException' with message 'The directory is not writable by the Web process: /var/www/priemnaya/frontend/web/assets' 

in /var/www/priemnaya/vendor/yiisoft/yii2/web/AssetManager.php:168

Stack trace:
#0 /var/www/priemnaya/vendor/yiisoft/yii2/base/Object.php(107): yii\web\AssetManager->init()
#1 [internal function]: yii\base\Object->__construct(Array)
#2 /var/www/priemnaya/vendor/yiisoft/yii2/di/Container.php(362): ReflectionClass->newInstanceArgs(Array)
#3 /var/www/priemnaya/vendor/yiisoft/yii2/di/Container.php(147): yii\di\Container->build('yii\web\AssetMa...', Array, Array)
#4 /var/www/priemnaya/vendor/yiisoft/yii2/BaseYii.php(344): yii\di\Container->get('yii\web\AssetMa...', Array, Array)
#5 /var/www/priemnaya/vendor/yiisoft/yii2/di/ServiceLocator.php(133): yii\BaseYii::createObject(Array)
#6 /var/www/priemnaya/vendor/yiisoft/yii2/base/Application.php(600): yii\di\ServiceLocator->get('assetManager')
#7 /var/www/priemnaya/vendor/yiisoft/yii2/web/View.php(223): yii\base\Application->getAssetManager()
#8 /var/www/priemnaya/vendor/yiisoft/yii2/base/Component.php(130): yii\web\View->getAssetManager()
#9 /var/www/priemnaya/vendor/yiisoft/yii2-debug/panels/AssetPanel.php(53): yii\base\Component->__get('assetManager')
#10 /var/www/priemnaya/vendor/yiisoft/yii2-debug/LogTarget.php(55): yii\debug\panels\AssetPanel->save()
#11 /var/www/priemnaya/vendor/yiisoft/yii2-debug/LogTarget.php(112): yii\debug\LogTarget->export(Array)
#12 /var/www/priemnaya/vendor/yiisoft/yii2/log/Dispatcher.php(183): yii\debug\LogTarget->collect(Array, true)
#13 /var/www/priemnaya/vendor/yiisoft/yii2/log/Logger.php(170): yii\log\Dispatcher->dispatch(Array, true)
#14 [internal function]: yii\log\Logger->flush(true)
#15 {main}
2015-02-16 10:58:56 [192.168.1.104][-][-][info][application] $_SERVER = [
    'HTTP_HOST' => 'loc.priemnaya.com'
    'HTTP_CONNECTION' => 'keep-alive'
    'HTTP_CACHE_CONTROL' => 'max-age=0'
    'HTTP_ACCEPT' => 'text/html,application/xhtml+xml,application/xml;q=0.9,image/webp,*/*;q=0.8'
    'HTTP_USER_AGENT' => 'Mozilla/5.0 (Windows NT 6.3; Win64; x64) AppleWebKit/537.36 (KHTML, like Gecko) Chrome/40.0.2214.111 Safari/537.36'
    'HTTP_ACCEPT_ENCODING' => 'gzip, deflate, sdch'
    'HTTP_ACCEPT_LANGUAGE' => 'ru-RU,ru;q=0.8,en-US;q=0.6,en;q=0.4,de;q=0.2,ro;q=0.2'
    'PATH' => '/usr/local/sbin:/usr/local/bin:/usr/sbin:/usr/bin:/sbin:/bin'
    'SERVER_SIGNATURE' => '<address>Apache/2.4.7 (Ubuntu) Server at loc.priemnaya.com Port 80</address>
'
    'SERVER_SOFTWARE' => 'Apache/2.4.7 (Ubuntu)'
    'SERVER_NAME' => 'loc.priemnaya.com'
    'SERVER_ADDR' => '192.168.1.102'
    'SERVER_PORT' => '80'
    'REMOTE_ADDR' => '192.168.1.104'
    'DOCUMENT_ROOT' => '/var/www/priemnaya/frontend/web/'
    'REQUEST_SCHEME' => 'http'
    'CONTEXT_PREFIX' => ''
    'CONTEXT_DOCUMENT_ROOT' => '/var/www/priemnaya/frontend/web/'
    'SERVER_ADMIN' => 'webmaster@localhost'
    'SCRIPT_FILENAME' => '/var/www/priemnaya/frontend/web/index.php'
    'REMOTE_PORT' => '53721'
    'GATEWAY_INTERFACE' => 'CGI/1.1'
    'SERVER_PROTOCOL' => 'HTTP/1.1'
    'REQUEST_METHOD' => 'GET'
    'QUERY_STRING' => ''
    'REQUEST_URI' => '/'
    'SCRIPT_NAME' => '/index.php'
    'PHP_SELF' => '/index.php'
    'REQUEST_TIME_FLOAT' => 1424084336.576
    'REQUEST_TIME' => 1424084336
]
2015-02-16 10:59:28 [192.168.1.104][-][-][error][yii\base\InvalidParamException] exception 'yii\base\InvalidParamException' with message 'The file or directory to be published does not exist: /var/www/priemnaya/vendor/yiisoft/yii2/assets' in /var/www/priemnaya/vendor/yiisoft/yii2/web/AssetManager.php:385
Stack trace:
#0 /var/www/priemnaya/vendor/yiisoft/yii2/web/AssetBundle.php(162): yii\web\AssetManager->publish('/var/www/priemn...', Array)
#1 /var/www/priemnaya/vendor/yiisoft/yii2/web/AssetManager.php(221): yii\web\AssetBundle->publish(Object(yii\web\AssetManager))
#2 /var/www/priemnaya/vendor/yiisoft/yii2/web/AssetManager.php(192): yii\web\AssetManager->loadBundle('yii\web\YiiAsse...', Array, true)
#3 /var/www/priemnaya/vendor/yiisoft/yii2/web/View.php(284): yii\web\AssetManager->getBundle('yii\web\YiiAsse...')
#4 /var/www/priemnaya/vendor/yiisoft/yii2/web/View.php(289): yii\web\View->registerAssetBundle('yii\web\YiiAsse...', NULL)
#5 /var/www/priemnaya/vendor/yiisoft/yii2/web/AssetBundle.php(118): yii\web\View->registerAssetBundle('frontend\assets...')
#6 /var/www/priemnaya/frontend/views/layouts/main.php(12): yii\web\AssetBundle::register(Object(yii\web\View))
#7 /var/www/priemnaya/vendor/yiisoft/yii2/base/View.php(325): require('/var/www/priemn...')
#8 /var/www/priemnaya/vendor/yiisoft/yii2/base/View.php(247): yii\base\View->renderPhpFile('/var/www/priemn...', Array)
#9 /var/www/priemnaya/vendor/yiisoft/yii2/base/Controller.php(382): yii\base\View->renderFile('/var/www/priemn...', Array, Object(frontend\controllers\SiteController))
#10 /var/www/priemnaya/vendor/yiisoft/yii2/base/Controller.php(368): yii\base\Controller->renderContent('<div class="sit...')
#11 /var/www/priemnaya/frontend/controllers/SiteController.php(70): yii\base\Controller->render('index')
#12 [internal function]: frontend\controllers\SiteController->actionIndex()
#13 /var/www/priemnaya/vendor/yiisoft/yii2/base/InlineAction.php(55): call_user_func_array(Array, Array)
#14 /var/www/priemnaya/vendor/yiisoft/yii2/base/Controller.php(151): yii\base\InlineAction->runWithParams(Array)
#15 /var/www/priemnaya/vendor/yiisoft/yii2/base/Module.php(455): yii\base\Controller->runAction('', Array)
#16 /var/www/priemnaya/vendor/yiisoft/yii2/web/Application.php(83): yii\base\Module->runAction('', Array)
#17 /var/www/priemnaya/vendor/yiisoft/yii2/base/Application.php(375): yii\web\Application->handleRequest(Object(yii\web\Request))
#18 /var/www/priemnaya/frontend/web/index.php(18): yii\base\Application->run()
#19 {main}
2015-02-16 10:59:28 [192.168.1.104][-][-][warning][yii\debug\Module::checkAccess] Access to debugger is denied due to IP address restriction. The requesting IP address is 192.168.1.104
2015-02-16 10:59:28 [192.168.1.104][-][-][info][application] $_SERVER = [
    'HTTP_HOST' => 'loc.priemnaya.com'
    'HTTP_CONNECTION' => 'keep-alive'
    'HTTP_CACHE_CONTROL' => 'max-age=0'
    'HTTP_ACCEPT' => 'text/html,application/xhtml+xml,application/xml;q=0.9,image/webp,*/*;q=0.8'
    'HTTP_USER_AGENT' => 'Mozilla/5.0 (Windows NT 6.3; Win64; x64) AppleWebKit/537.36 (KHTML, like Gecko) Chrome/40.0.2214.111 Safari/537.36'
    'HTTP_ACCEPT_ENCODING' => 'gzip, deflate, sdch'
    'HTTP_ACCEPT_LANGUAGE' => 'ru-RU,ru;q=0.8,en-US;q=0.6,en;q=0.4,de;q=0.2,ro;q=0.2'
    'PATH' => '/usr/local/sbin:/usr/local/bin:/usr/sbin:/usr/bin:/sbin:/bin'
    'SERVER_SIGNATURE' => '<address>Apache/2.4.7 (Ubuntu) Server at loc.priemnaya.com Port 80</address>
'
    'SERVER_SOFTWARE' => 'Apache/2.4.7 (Ubuntu)'
    'SERVER_NAME' => 'loc.priemnaya.com'
    'SERVER_ADDR' => '192.168.1.102'
    'SERVER_PORT' => '80'
    'REMOTE_ADDR' => '192.168.1.104'
    'DOCUMENT_ROOT' => '/var/www/priemnaya/frontend/web/'
    'REQUEST_SCHEME' => 'http'
    'CONTEXT_PREFIX' => ''
    'CONTEXT_DOCUMENT_ROOT' => '/var/www/priemnaya/frontend/web/'
    'SERVER_ADMIN' => 'webmaster@localhost'
    'SCRIPT_FILENAME' => '/var/www/priemnaya/frontend/web/index.php'
    'REMOTE_PORT' => '53725'
    'GATEWAY_INTERFACE' => 'CGI/1.1'
    'SERVER_PROTOCOL' => 'HTTP/1.1'
    'REQUEST_METHOD' => 'GET'
    'QUERY_STRING' => ''
    'REQUEST_URI' => '/'
    'SCRIPT_NAME' => '/index.php'
    'PHP_SELF' => '/index.php'
    'REQUEST_TIME_FLOAT' => 1424084368.407
    'REQUEST_TIME' => 1424084368
]
2015-02-16 11:00:05 [192.168.1.104][-][-][warning][yii\debug\Module::checkAccess] Access to debugger is denied due to IP address restriction. The requesting IP address is 192.168.1.104
    in /var/www/priemnaya/frontend/views/layouts/main.php:73
    in /var/www/priemnaya/frontend/controllers/SiteController.php:70
2015-02-16 11:00:05 [192.168.1.104][-][-][info][application] $_SESSION = [
    '__flash' => []
]

$_SERVER = [
    'HTTP_HOST' => 'loc.priemnaya.com'
    'HTTP_CONNECTION' => 'keep-alive'
    'HTTP_CACHE_CONTROL' => 'max-age=0'
    'HTTP_ACCEPT' => 'text/html,application/xhtml+xml,application/xml;q=0.9,image/webp,*/*;q=0.8'
    'HTTP_USER_AGENT' => 'Mozilla/5.0 (Windows NT 6.3; Win64; x64) AppleWebKit/537.36 (KHTML, like Gecko) Chrome/40.0.2214.111 Safari/537.36'
    'HTTP_ACCEPT_ENCODING' => 'gzip, deflate, sdch'
    'HTTP_ACCEPT_LANGUAGE' => 'ru-RU,ru;q=0.8,en-US;q=0.6,en;q=0.4,de;q=0.2,ro;q=0.2'
    'PATH' => '/usr/local/sbin:/usr/local/bin:/usr/sbin:/usr/bin:/sbin:/bin'
    'SERVER_SIGNATURE' => '<address>Apache/2.4.7 (Ubuntu) Server at loc.priemnaya.com Port 80</address>
'
    'SERVER_SOFTWARE' => 'Apache/2.4.7 (Ubuntu)'
    'SERVER_NAME' => 'loc.priemnaya.com'
    'SERVER_ADDR' => '192.168.1.102'
    'SERVER_PORT' => '80'
    'REMOTE_ADDR' => '192.168.1.104'
    'DOCUMENT_ROOT' => '/var/www/priemnaya/frontend/web/'
    'REQUEST_SCHEME' => 'http'
    'CONTEXT_PREFIX' => ''
    'CONTEXT_DOCUMENT_ROOT' => '/var/www/priemnaya/frontend/web/'
    'SERVER_ADMIN' => 'webmaster@localhost'
    'SCRIPT_FILENAME' => '/var/www/priemnaya/frontend/web/index.php'
    'REMOTE_PORT' => '53728'
    'GATEWAY_INTERFACE' => 'CGI/1.1'
    'SERVER_PROTOCOL' => 'HTTP/1.1'
    'REQUEST_METHOD' => 'GET'
    'QUERY_STRING' => ''
    'REQUEST_URI' => '/'
    'SCRIPT_NAME' => '/index.php'
    'PHP_SELF' => '/index.php'
    'REQUEST_TIME_FLOAT' => 1424084405.575
    'REQUEST_TIME' => 1424084405
]
2015-02-16 11:00:27 [192.168.1.104][-][-][warning][yii\debug\Module::checkAccess] Access to debugger is denied due to IP address restriction. The requesting IP address is 192.168.1.104
    in /var/www/priemnaya/frontend/views/layouts/main.php:73
    in /var/www/priemnaya/frontend/controllers/SiteController.php:132
2015-02-16 11:00:27 [192.168.1.104][-][-][info][application] $_GET = [
    'r' => 'site/signup'
]

$_COOKIE = [
    'PHPSESSID' => 'pls1uprl8gpuas4rmpj6hafgr7'
    '_csrf' => '57b4d41532f160f4bc422923ad8cb48ebdfd23dac2b1f1f197527f0298dcf003s:32:\"hCV5rLCW4KbZbc-qQJtr3SbcDOvaT8EM\";'
]

$_SESSION = [
    '__flash' => []
]

$_SERVER = [
    'HTTP_HOST' => 'loc.priemnaya.com'
    'HTTP_CONNECTION' => 'keep-alive'
    'HTTP_ACCEPT' => 'text/html,application/xhtml+xml,application/xml;q=0.9,image/webp,*/*;q=0.8'
    'HTTP_USER_AGENT' => 'Mozilla/5.0 (Windows NT 6.3; Win64; x64) AppleWebKit/537.36 (KHTML, like Gecko) Chrome/40.0.2214.111 Safari/537.36'
    'HTTP_REFERER' => 'http://loc.priemnaya.com/'
    'HTTP_ACCEPT_ENCODING' => 'gzip, deflate, sdch'
    'HTTP_ACCEPT_LANGUAGE' => 'ru-RU,ru;q=0.8,en-US;q=0.6,en;q=0.4,de;q=0.2,ro;q=0.2'
    'HTTP_COOKIE' => 'PHPSESSID=pls1uprl8gpuas4rmpj6hafgr7; _csrf=57b4d41532f160f4bc422923ad8cb48ebdfd23dac2b1f1f197527f0298dcf003s%3A32%3A%22hCV5rLCW4KbZbc-qQJtr3SbcDOvaT8EM%22%3B'
    'PATH' => '/usr/local/sbin:/usr/local/bin:/usr/sbin:/usr/bin:/sbin:/bin'
    'SERVER_SIGNATURE' => '<address>Apache/2.4.7 (Ubuntu) Server at loc.priemnaya.com Port 80</address>
'
    'SERVER_SOFTWARE' => 'Apache/2.4.7 (Ubuntu)'
    'SERVER_NAME' => 'loc.priemnaya.com'
    'SERVER_ADDR' => '192.168.1.102'
    'SERVER_PORT' => '80'
    'REMOTE_ADDR' => '192.168.1.104'
    'DOCUMENT_ROOT' => '/var/www/priemnaya/frontend/web/'
    'REQUEST_SCHEME' => 'http'
    'CONTEXT_PREFIX' => ''
    'CONTEXT_DOCUMENT_ROOT' => '/var/www/priemnaya/frontend/web/'
    'SERVER_ADMIN' => 'webmaster@localhost'
    'SCRIPT_FILENAME' => '/var/www/priemnaya/frontend/web/index.php'
    'REMOTE_PORT' => '53731'
    'GATEWAY_INTERFACE' => 'CGI/1.1'
    'SERVER_PROTOCOL' => 'HTTP/1.1'
    'REQUEST_METHOD' => 'GET'
    'QUERY_STRING' => 'r=site%2Fsignup'
    'REQUEST_URI' => '/index.php?r=site%2Fsignup'
    'SCRIPT_NAME' => '/index.php'
    'PHP_SELF' => '/index.php'
    'REQUEST_TIME_FLOAT' => 1424084427.956
    'REQUEST_TIME' => 1424084427
]
2015-02-16 11:00:30 [192.168.1.104][-][-][warning][yii\debug\Module::checkAccess] Access to debugger is denied due to IP address restriction. The requesting IP address is 192.168.1.104
    in /var/www/priemnaya/frontend/views/layouts/main.php:73
    in /var/www/priemnaya/frontend/controllers/SiteController.php:85
2015-02-16 11:00:30 [192.168.1.104][-][-][info][application] $_GET = [
    'r' => 'site/login'
]

$_COOKIE = [
    'PHPSESSID' => 'pls1uprl8gpuas4rmpj6hafgr7'
    '_csrf' => '57b4d41532f160f4bc422923ad8cb48ebdfd23dac2b1f1f197527f0298dcf003s:32:\"hCV5rLCW4KbZbc-qQJtr3SbcDOvaT8EM\";'
]

$_SESSION = [
    '__flash' => []
]

$_SERVER = [
    'HTTP_HOST' => 'loc.priemnaya.com'
    'HTTP_CONNECTION' => 'keep-alive'
    'HTTP_ACCEPT' => 'text/html,application/xhtml+xml,application/xml;q=0.9,image/webp,*/*;q=0.8'
    'HTTP_USER_AGENT' => 'Mozilla/5.0 (Windows NT 6.3; Win64; x64) AppleWebKit/537.36 (KHTML, like Gecko) Chrome/40.0.2214.111 Safari/537.36'
    'HTTP_REFERER' => 'http://loc.priemnaya.com/index.php?r=site%2Fsignup'
    'HTTP_ACCEPT_ENCODING' => 'gzip, deflate, sdch'
    'HTTP_ACCEPT_LANGUAGE' => 'ru-RU,ru;q=0.8,en-US;q=0.6,en;q=0.4,de;q=0.2,ro;q=0.2'
    'HTTP_COOKIE' => 'PHPSESSID=pls1uprl8gpuas4rmpj6hafgr7; _csrf=57b4d41532f160f4bc422923ad8cb48ebdfd23dac2b1f1f197527f0298dcf003s%3A32%3A%22hCV5rLCW4KbZbc-qQJtr3SbcDOvaT8EM%22%3B'
    'PATH' => '/usr/local/sbin:/usr/local/bin:/usr/sbin:/usr/bin:/sbin:/bin'
    'SERVER_SIGNATURE' => '<address>Apache/2.4.7 (Ubuntu) Server at loc.priemnaya.com Port 80</address>
'
    'SERVER_SOFTWARE' => 'Apache/2.4.7 (Ubuntu)'
    'SERVER_NAME' => 'loc.priemnaya.com'
    'SERVER_ADDR' => '192.168.1.102'
    'SERVER_PORT' => '80'
    'REMOTE_ADDR' => '192.168.1.104'
    'DOCUMENT_ROOT' => '/var/www/priemnaya/frontend/web/'
    'REQUEST_SCHEME' => 'http'
    'CONTEXT_PREFIX' => ''
    'CONTEXT_DOCUMENT_ROOT' => '/var/www/priemnaya/frontend/web/'
    'SERVER_ADMIN' => 'webmaster@localhost'
    'SCRIPT_FILENAME' => '/var/www/priemnaya/frontend/web/index.php'
    'REMOTE_PORT' => '53732'
    'GATEWAY_INTERFACE' => 'CGI/1.1'
    'SERVER_PROTOCOL' => 'HTTP/1.1'
    'REQUEST_METHOD' => 'GET'
    'QUERY_STRING' => 'r=site%2Flogin'
    'REQUEST_URI' => '/index.php?r=site%2Flogin'
    'SCRIPT_NAME' => '/index.php'
    'PHP_SELF' => '/index.php'
    'REQUEST_TIME_FLOAT' => 1424084430.557
    'REQUEST_TIME' => 1424084430
]
2015-02-16 11:00:31 [192.168.1.104][-][-][warning][yii\debug\Module::checkAccess] Access to debugger is denied due to IP address restriction. The requesting IP address is 192.168.1.104
    in /var/www/priemnaya/frontend/views/layouts/main.php:73
    in /var/www/priemnaya/frontend/controllers/SiteController.php:132
2015-02-16 11:00:31 [192.168.1.104][-][-][info][application] $_GET = [
    'r' => 'site/signup'
]

$_COOKIE = [
    'PHPSESSID' => 'pls1uprl8gpuas4rmpj6hafgr7'
    '_csrf' => '57b4d41532f160f4bc422923ad8cb48ebdfd23dac2b1f1f197527f0298dcf003s:32:\"hCV5rLCW4KbZbc-qQJtr3SbcDOvaT8EM\";'
]

$_SESSION = [
    '__flash' => []
]

$_SERVER = [
    'HTTP_HOST' => 'loc.priemnaya.com'
    'HTTP_CONNECTION' => 'keep-alive'
    'HTTP_ACCEPT' => 'text/html,application/xhtml+xml,application/xml;q=0.9,image/webp,*/*;q=0.8'
    'HTTP_USER_AGENT' => 'Mozilla/5.0 (Windows NT 6.3; Win64; x64) AppleWebKit/537.36 (KHTML, like Gecko) Chrome/40.0.2214.111 Safari/537.36'
    'HTTP_REFERER' => 'http://loc.priemnaya.com/index.php?r=site%2Flogin'
    'HTTP_ACCEPT_ENCODING' => 'gzip, deflate, sdch'
    'HTTP_ACCEPT_LANGUAGE' => 'ru-RU,ru;q=0.8,en-US;q=0.6,en;q=0.4,de;q=0.2,ro;q=0.2'
    'HTTP_COOKIE' => 'PHPSESSID=pls1uprl8gpuas4rmpj6hafgr7; _csrf=57b4d41532f160f4bc422923ad8cb48ebdfd23dac2b1f1f197527f0298dcf003s%3A32%3A%22hCV5rLCW4KbZbc-qQJtr3SbcDOvaT8EM%22%3B'
    'PATH' => '/usr/local/sbin:/usr/local/bin:/usr/sbin:/usr/bin:/sbin:/bin'
    'SERVER_SIGNATURE' => '<address>Apache/2.4.7 (Ubuntu) Server at loc.priemnaya.com Port 80</address>
'
    'SERVER_SOFTWARE' => 'Apache/2.4.7 (Ubuntu)'
    'SERVER_NAME' => 'loc.priemnaya.com'
    'SERVER_ADDR' => '192.168.1.102'
    'SERVER_PORT' => '80'
    'REMOTE_ADDR' => '192.168.1.104'
    'DOCUMENT_ROOT' => '/var/www/priemnaya/frontend/web/'
    'REQUEST_SCHEME' => 'http'
    'CONTEXT_PREFIX' => ''
    'CONTEXT_DOCUMENT_ROOT' => '/var/www/priemnaya/frontend/web/'
    'SERVER_ADMIN' => 'webmaster@localhost'
    'SCRIPT_FILENAME' => '/var/www/priemnaya/frontend/web/index.php'
    'REMOTE_PORT' => '53733'
    'GATEWAY_INTERFACE' => 'CGI/1.1'
    'SERVER_PROTOCOL' => 'HTTP/1.1'
    'REQUEST_METHOD' => 'GET'
    'QUERY_STRING' => 'r=site%2Fsignup'
    'REQUEST_URI' => '/index.php?r=site%2Fsignup'
    'SCRIPT_NAME' => '/index.php'
    'PHP_SELF' => '/index.php'
    'REQUEST_TIME_FLOAT' => 1424084431.969
    'REQUEST_TIME' => 1424084431
]
2015-02-16 11:00:32 [192.168.1.104][-][-][warning][yii\debug\Module::checkAccess] Access to debugger is denied due to IP address restriction. The requesting IP address is 192.168.1.104
    in /var/www/priemnaya/frontend/views/layouts/main.php:73
    in /var/www/priemnaya/frontend/controllers/SiteController.php:110
2015-02-16 11:00:32 [192.168.1.104][-][-][info][application] $_GET = [
    'r' => 'site/contact'
]

$_COOKIE = [
    'PHPSESSID' => 'pls1uprl8gpuas4rmpj6hafgr7'
    '_csrf' => '57b4d41532f160f4bc422923ad8cb48ebdfd23dac2b1f1f197527f0298dcf003s:32:\"hCV5rLCW4KbZbc-qQJtr3SbcDOvaT8EM\";'
]

$_SESSION = [
    '__flash' => []
    '__captcha/site/captcha' => 'rufizs'
    '__captcha/site/captchacount' => 1
]

$_SERVER = [
    'HTTP_HOST' => 'loc.priemnaya.com'
    'HTTP_CONNECTION' => 'keep-alive'
    'HTTP_ACCEPT' => 'text/html,application/xhtml+xml,application/xml;q=0.9,image/webp,*/*;q=0.8'
    'HTTP_USER_AGENT' => 'Mozilla/5.0 (Windows NT 6.3; Win64; x64) AppleWebKit/537.36 (KHTML, like Gecko) Chrome/40.0.2214.111 Safari/537.36'
    'HTTP_REFERER' => 'http://loc.priemnaya.com/index.php?r=site%2Fsignup'
    'HTTP_ACCEPT_ENCODING' => 'gzip, deflate, sdch'
    'HTTP_ACCEPT_LANGUAGE' => 'ru-RU,ru;q=0.8,en-US;q=0.6,en;q=0.4,de;q=0.2,ro;q=0.2'
    'HTTP_COOKIE' => 'PHPSESSID=pls1uprl8gpuas4rmpj6hafgr7; _csrf=57b4d41532f160f4bc422923ad8cb48ebdfd23dac2b1f1f197527f0298dcf003s%3A32%3A%22hCV5rLCW4KbZbc-qQJtr3SbcDOvaT8EM%22%3B'
    'PATH' => '/usr/local/sbin:/usr/local/bin:/usr/sbin:/usr/bin:/sbin:/bin'
    'SERVER_SIGNATURE' => '<address>Apache/2.4.7 (Ubuntu) Server at loc.priemnaya.com Port 80</address>
'
    'SERVER_SOFTWARE' => 'Apache/2.4.7 (Ubuntu)'
    'SERVER_NAME' => 'loc.priemnaya.com'
    'SERVER_ADDR' => '192.168.1.102'
    'SERVER_PORT' => '80'
    'REMOTE_ADDR' => '192.168.1.104'
    'DOCUMENT_ROOT' => '/var/www/priemnaya/frontend/web/'
    'REQUEST_SCHEME' => 'http'
    'CONTEXT_PREFIX' => ''
    'CONTEXT_DOCUMENT_ROOT' => '/var/www/priemnaya/frontend/web/'
    'SERVER_ADMIN' => 'webmaster@localhost'
    'SCRIPT_FILENAME' => '/var/www/priemnaya/frontend/web/index.php'
    'REMOTE_PORT' => '53733'
    'GATEWAY_INTERFACE' => 'CGI/1.1'
    'SERVER_PROTOCOL' => 'HTTP/1.1'
    'REQUEST_METHOD' => 'GET'
    'QUERY_STRING' => 'r=site%2Fcontact'
    'REQUEST_URI' => '/index.php?r=site%2Fcontact'
    'SCRIPT_NAME' => '/index.php'
    'PHP_SELF' => '/index.php'
    'REQUEST_TIME_FLOAT' => 1424084432.613
    'REQUEST_TIME' => 1424084432
]
2015-02-16 11:00:33 [192.168.1.104][-][-][warning][yii\debug\Module::checkAccess] Access to debugger is denied due to IP address restriction. The requesting IP address is 192.168.1.104
    in /var/www/priemnaya/frontend/views/layouts/main.php:73
    in /var/www/priemnaya/frontend/controllers/SiteController.php:116
2015-02-16 11:00:33 [192.168.1.104][-][-][info][application] $_GET = [
    'r' => 'site/about'
]

$_COOKIE = [
    '_csrf' => '57b4d41532f160f4bc422923ad8cb48ebdfd23dac2b1f1f197527f0298dcf003s:32:\"hCV5rLCW4KbZbc-qQJtr3SbcDOvaT8EM\";'
    'PHPSESSID' => 'pls1uprl8gpuas4rmpj6hafgr7'
]

$_SESSION = [
    '__flash' => []
    '__captcha/site/captcha' => 'rufizs'
    '__captcha/site/captchacount' => 1
]

$_SERVER = [
    'HTTP_HOST' => 'loc.priemnaya.com'
    'HTTP_CONNECTION' => 'keep-alive'
    'HTTP_ACCEPT' => 'text/html,application/xhtml+xml,application/xml;q=0.9,image/webp,*/*;q=0.8'
    'HTTP_USER_AGENT' => 'Mozilla/5.0 (Windows NT 6.3; Win64; x64) AppleWebKit/537.36 (KHTML, like Gecko) Chrome/40.0.2214.111 Safari/537.36'
    'HTTP_REFERER' => 'http://loc.priemnaya.com/index.php?r=site%2Fcontact'
    'HTTP_ACCEPT_ENCODING' => 'gzip, deflate, sdch'
    'HTTP_ACCEPT_LANGUAGE' => 'ru-RU,ru;q=0.8,en-US;q=0.6,en;q=0.4,de;q=0.2,ro;q=0.2'
    'HTTP_COOKIE' => '_csrf=57b4d41532f160f4bc422923ad8cb48ebdfd23dac2b1f1f197527f0298dcf003s%3A32%3A%22hCV5rLCW4KbZbc-qQJtr3SbcDOvaT8EM%22%3B; PHPSESSID=pls1uprl8gpuas4rmpj6hafgr7'
    'PATH' => '/usr/local/sbin:/usr/local/bin:/usr/sbin:/usr/bin:/sbin:/bin'
    'SERVER_SIGNATURE' => '<address>Apache/2.4.7 (Ubuntu) Server at loc.priemnaya.com Port 80</address>
'
    'SERVER_SOFTWARE' => 'Apache/2.4.7 (Ubuntu)'
    'SERVER_NAME' => 'loc.priemnaya.com'
    'SERVER_ADDR' => '192.168.1.102'
    'SERVER_PORT' => '80'
    'REMOTE_ADDR' => '192.168.1.104'
    'DOCUMENT_ROOT' => '/var/www/priemnaya/frontend/web/'
    'REQUEST_SCHEME' => 'http'
    'CONTEXT_PREFIX' => ''
    'CONTEXT_DOCUMENT_ROOT' => '/var/www/priemnaya/frontend/web/'
    'SERVER_ADMIN' => 'webmaster@localhost'
    'SCRIPT_FILENAME' => '/var/www/priemnaya/frontend/web/index.php'
    'REMOTE_PORT' => '53733'
    'GATEWAY_INTERFACE' => 'CGI/1.1'
    'SERVER_PROTOCOL' => 'HTTP/1.1'
    'REQUEST_METHOD' => 'GET'
    'QUERY_STRING' => 'r=site%2Fabout'
    'REQUEST_URI' => '/index.php?r=site%2Fabout'
    'SCRIPT_NAME' => '/index.php'
    'PHP_SELF' => '/index.php'
    'REQUEST_TIME_FLOAT' => 1424084433.306
    'REQUEST_TIME' => 1424084433
]
2015-02-16 11:00:33 [192.168.1.104][-][-][warning][yii\debug\Module::checkAccess] Access to debugger is denied due to IP address restriction. The requesting IP address is 192.168.1.104
    in /var/www/priemnaya/frontend/views/layouts/main.php:73
    in /var/www/priemnaya/frontend/controllers/SiteController.php:70
2015-02-16 11:00:33 [192.168.1.104][-][-][info][application] $_GET = [
    'r' => 'site/index'
]

$_COOKIE = [
    '_csrf' => '57b4d41532f160f4bc422923ad8cb48ebdfd23dac2b1f1f197527f0298dcf003s:32:\"hCV5rLCW4KbZbc-qQJtr3SbcDOvaT8EM\";'
    'PHPSESSID' => 'pls1uprl8gpuas4rmpj6hafgr7'
]

$_SESSION = [
    '__flash' => []
    '__captcha/site/captcha' => 'rufizs'
    '__captcha/site/captchacount' => 1
]

$_SERVER = [
    'HTTP_HOST' => 'loc.priemnaya.com'
    'HTTP_CONNECTION' => 'keep-alive'
    'HTTP_ACCEPT' => 'text/html,application/xhtml+xml,application/xml;q=0.9,image/webp,*/*;q=0.8'
    'HTTP_USER_AGENT' => 'Mozilla/5.0 (Windows NT 6.3; Win64; x64) AppleWebKit/537.36 (KHTML, like Gecko) Chrome/40.0.2214.111 Safari/537.36'
    'HTTP_REFERER' => 'http://loc.priemnaya.com/index.php?r=site%2Fabout'
    'HTTP_ACCEPT_ENCODING' => 'gzip, deflate, sdch'
    'HTTP_ACCEPT_LANGUAGE' => 'ru-RU,ru;q=0.8,en-US;q=0.6,en;q=0.4,de;q=0.2,ro;q=0.2'
    'HTTP_COOKIE' => '_csrf=57b4d41532f160f4bc422923ad8cb48ebdfd23dac2b1f1f197527f0298dcf003s%3A32%3A%22hCV5rLCW4KbZbc-qQJtr3SbcDOvaT8EM%22%3B; PHPSESSID=pls1uprl8gpuas4rmpj6hafgr7'
    'PATH' => '/usr/local/sbin:/usr/local/bin:/usr/sbin:/usr/bin:/sbin:/bin'
    'SERVER_SIGNATURE' => '<address>Apache/2.4.7 (Ubuntu) Server at loc.priemnaya.com Port 80</address>
'
    'SERVER_SOFTWARE' => 'Apache/2.4.7 (Ubuntu)'
    'SERVER_NAME' => 'loc.priemnaya.com'
    'SERVER_ADDR' => '192.168.1.102'
    'SERVER_PORT' => '80'
    'REMOTE_ADDR' => '192.168.1.104'
    'DOCUMENT_ROOT' => '/var/www/priemnaya/frontend/web/'
    'REQUEST_SCHEME' => 'http'
    'CONTEXT_PREFIX' => ''
    'CONTEXT_DOCUMENT_ROOT' => '/var/www/priemnaya/frontend/web/'
    'SERVER_ADMIN' => 'webmaster@localhost'
    'SCRIPT_FILENAME' => '/var/www/priemnaya/frontend/web/index.php'
    'REMOTE_PORT' => '53732'
    'GATEWAY_INTERFACE' => 'CGI/1.1'
    'SERVER_PROTOCOL' => 'HTTP/1.1'
    'REQUEST_METHOD' => 'GET'
    'QUERY_STRING' => 'r=site%2Findex'
    'REQUEST_URI' => '/index.php?r=site%2Findex'
    'SCRIPT_NAME' => '/index.php'
    'PHP_SELF' => '/index.php'
    'REQUEST_TIME_FLOAT' => 1424084433.838
    'REQUEST_TIME' => 1424084433
]
2015-02-16 11:00:34 [192.168.1.104][-][-][warning][yii\debug\Module::checkAccess] Access to debugger is denied due to IP address restriction. The requesting IP address is 192.168.1.104
    in /var/www/priemnaya/frontend/views/layouts/main.php:73
    in /var/www/priemnaya/frontend/controllers/SiteController.php:110
2015-02-16 11:00:34 [192.168.1.104][-][-][info][application] $_GET = [
    'r' => 'site/contact'
]

$_COOKIE = [
    '_csrf' => '57b4d41532f160f4bc422923ad8cb48ebdfd23dac2b1f1f197527f0298dcf003s:32:\"hCV5rLCW4KbZbc-qQJtr3SbcDOvaT8EM\";'
    'PHPSESSID' => 'pls1uprl8gpuas4rmpj6hafgr7'
]

$_SESSION = [
    '__flash' => []
    '__captcha/site/captcha' => 'rufizs'
    '__captcha/site/captchacount' => 1
]

$_SERVER = [
    'HTTP_HOST' => 'loc.priemnaya.com'
    'HTTP_CONNECTION' => 'keep-alive'
    'HTTP_ACCEPT' => 'text/html,application/xhtml+xml,application/xml;q=0.9,image/webp,*/*;q=0.8'
    'HTTP_USER_AGENT' => 'Mozilla/5.0 (Windows NT 6.3; Win64; x64) AppleWebKit/537.36 (KHTML, like Gecko) Chrome/40.0.2214.111 Safari/537.36'
    'HTTP_REFERER' => 'http://loc.priemnaya.com/index.php?r=site%2Findex'
    'HTTP_ACCEPT_ENCODING' => 'gzip, deflate, sdch'
    'HTTP_ACCEPT_LANGUAGE' => 'ru-RU,ru;q=0.8,en-US;q=0.6,en;q=0.4,de;q=0.2,ro;q=0.2'
    'HTTP_COOKIE' => '_csrf=57b4d41532f160f4bc422923ad8cb48ebdfd23dac2b1f1f197527f0298dcf003s%3A32%3A%22hCV5rLCW4KbZbc-qQJtr3SbcDOvaT8EM%22%3B; PHPSESSID=pls1uprl8gpuas4rmpj6hafgr7'
    'PATH' => '/usr/local/sbin:/usr/local/bin:/usr/sbin:/usr/bin:/sbin:/bin'
    'SERVER_SIGNATURE' => '<address>Apache/2.4.7 (Ubuntu) Server at loc.priemnaya.com Port 80</address>
'
    'SERVER_SOFTWARE' => 'Apache/2.4.7 (Ubuntu)'
    'SERVER_NAME' => 'loc.priemnaya.com'
    'SERVER_ADDR' => '192.168.1.102'
    'SERVER_PORT' => '80'
    'REMOTE_ADDR' => '192.168.1.104'
    'DOCUMENT_ROOT' => '/var/www/priemnaya/frontend/web/'
    'REQUEST_SCHEME' => 'http'
    'CONTEXT_PREFIX' => ''
    'CONTEXT_DOCUMENT_ROOT' => '/var/www/priemnaya/frontend/web/'
    'SERVER_ADMIN' => 'webmaster@localhost'
    'SCRIPT_FILENAME' => '/var/www/priemnaya/frontend/web/index.php'
    'REMOTE_PORT' => '53732'
    'GATEWAY_INTERFACE' => 'CGI/1.1'
    'SERVER_PROTOCOL' => 'HTTP/1.1'
    'REQUEST_METHOD' => 'GET'
    'QUERY_STRING' => 'r=site%2Fcontact'
    'REQUEST_URI' => '/index.php?r=site%2Fcontact'
    'SCRIPT_NAME' => '/index.php'
    'PHP_SELF' => '/index.php'
    'REQUEST_TIME_FLOAT' => 1424084434.598
    'REQUEST_TIME' => 1424084434
]
2015-02-16 11:00:34 [192.168.1.104][-][-][warning][yii\debug\Module::checkAccess] Access to debugger is denied due to IP address restriction. The requesting IP address is 192.168.1.104
    in /var/www/priemnaya/frontend/views/layouts/main.php:73
    in /var/www/priemnaya/frontend/controllers/SiteController.php:116
2015-02-16 11:00:34 [192.168.1.104][-][-][info][application] $_GET = [
    'r' => 'site/about'
]

$_COOKIE = [
    '_csrf' => '57b4d41532f160f4bc422923ad8cb48ebdfd23dac2b1f1f197527f0298dcf003s:32:\"hCV5rLCW4KbZbc-qQJtr3SbcDOvaT8EM\";'
    'PHPSESSID' => 'pls1uprl8gpuas4rmpj6hafgr7'
]

$_SESSION = [
    '__flash' => []
    '__captcha/site/captcha' => 'rufizs'
    '__captcha/site/captchacount' => 1
]

$_SERVER = [
    'HTTP_HOST' => 'loc.priemnaya.com'
    'HTTP_CONNECTION' => 'keep-alive'
    'HTTP_ACCEPT' => 'text/html,application/xhtml+xml,application/xml;q=0.9,image/webp,*/*;q=0.8'
    'HTTP_USER_AGENT' => 'Mozilla/5.0 (Windows NT 6.3; Win64; x64) AppleWebKit/537.36 (KHTML, like Gecko) Chrome/40.0.2214.111 Safari/537.36'
    'HTTP_REFERER' => 'http://loc.priemnaya.com/index.php?r=site%2Fcontact'
    'HTTP_ACCEPT_ENCODING' => 'gzip, deflate, sdch'
    'HTTP_ACCEPT_LANGUAGE' => 'ru-RU,ru;q=0.8,en-US;q=0.6,en;q=0.4,de;q=0.2,ro;q=0.2'
    'HTTP_COOKIE' => '_csrf=57b4d41532f160f4bc422923ad8cb48ebdfd23dac2b1f1f197527f0298dcf003s%3A32%3A%22hCV5rLCW4KbZbc-qQJtr3SbcDOvaT8EM%22%3B; PHPSESSID=pls1uprl8gpuas4rmpj6hafgr7'
    'PATH' => '/usr/local/sbin:/usr/local/bin:/usr/sbin:/usr/bin:/sbin:/bin'
    'SERVER_SIGNATURE' => '<address>Apache/2.4.7 (Ubuntu) Server at loc.priemnaya.com Port 80</address>
'
    'SERVER_SOFTWARE' => 'Apache/2.4.7 (Ubuntu)'
    'SERVER_NAME' => 'loc.priemnaya.com'
    'SERVER_ADDR' => '192.168.1.102'
    'SERVER_PORT' => '80'
    'REMOTE_ADDR' => '192.168.1.104'
    'DOCUMENT_ROOT' => '/var/www/priemnaya/frontend/web/'
    'REQUEST_SCHEME' => 'http'
    'CONTEXT_PREFIX' => ''
    'CONTEXT_DOCUMENT_ROOT' => '/var/www/priemnaya/frontend/web/'
    'SERVER_ADMIN' => 'webmaster@localhost'
    'SCRIPT_FILENAME' => '/var/www/priemnaya/frontend/web/index.php'
    'REMOTE_PORT' => '53732'
    'GATEWAY_INTERFACE' => 'CGI/1.1'
    'SERVER_PROTOCOL' => 'HTTP/1.1'
    'REQUEST_METHOD' => 'GET'
    'QUERY_STRING' => 'r=site%2Fabout'
    'REQUEST_URI' => '/index.php?r=site%2Fabout'
    'SCRIPT_NAME' => '/index.php'
    'PHP_SELF' => '/index.php'
    'REQUEST_TIME_FLOAT' => 1424084434.903
    'REQUEST_TIME' => 1424084434
]
2015-02-16 11:00:36 [192.168.1.104][-][-][warning][yii\debug\Module::checkAccess] Access to debugger is denied due to IP address restriction. The requesting IP address is 192.168.1.104
    in /var/www/priemnaya/frontend/views/layouts/main.php:73
    in /var/www/priemnaya/frontend/controllers/SiteController.php:70
2015-02-16 11:00:36 [192.168.1.104][-][-][info][application] $_GET = [
    'r' => 'site/index'
]

$_COOKIE = [
    '_csrf' => '57b4d41532f160f4bc422923ad8cb48ebdfd23dac2b1f1f197527f0298dcf003s:32:\"hCV5rLCW4KbZbc-qQJtr3SbcDOvaT8EM\";'
    'PHPSESSID' => 'pls1uprl8gpuas4rmpj6hafgr7'
]

$_SESSION = [
    '__flash' => []
    '__captcha/site/captcha' => 'rufizs'
    '__captcha/site/captchacount' => 1
]

$_SERVER = [
    'HTTP_HOST' => 'loc.priemnaya.com'
    'HTTP_CONNECTION' => 'keep-alive'
    'HTTP_ACCEPT' => 'text/html,application/xhtml+xml,application/xml;q=0.9,image/webp,*/*;q=0.8'
    'HTTP_USER_AGENT' => 'Mozilla/5.0 (Windows NT 6.3; Win64; x64) AppleWebKit/537.36 (KHTML, like Gecko) Chrome/40.0.2214.111 Safari/537.36'
    'HTTP_REFERER' => 'http://loc.priemnaya.com/index.php?r=site%2Fabout'
    'HTTP_ACCEPT_ENCODING' => 'gzip, deflate, sdch'
    'HTTP_ACCEPT_LANGUAGE' => 'ru-RU,ru;q=0.8,en-US;q=0.6,en;q=0.4,de;q=0.2,ro;q=0.2'
    'HTTP_COOKIE' => '_csrf=57b4d41532f160f4bc422923ad8cb48ebdfd23dac2b1f1f197527f0298dcf003s%3A32%3A%22hCV5rLCW4KbZbc-qQJtr3SbcDOvaT8EM%22%3B; PHPSESSID=pls1uprl8gpuas4rmpj6hafgr7'
    'PATH' => '/usr/local/sbin:/usr/local/bin:/usr/sbin:/usr/bin:/sbin:/bin'
    'SERVER_SIGNATURE' => '<address>Apache/2.4.7 (Ubuntu) Server at loc.priemnaya.com Port 80</address>
'
    'SERVER_SOFTWARE' => 'Apache/2.4.7 (Ubuntu)'
    'SERVER_NAME' => 'loc.priemnaya.com'
    'SERVER_ADDR' => '192.168.1.102'
    'SERVER_PORT' => '80'
    'REMOTE_ADDR' => '192.168.1.104'
    'DOCUMENT_ROOT' => '/var/www/priemnaya/frontend/web/'
    'REQUEST_SCHEME' => 'http'
    'CONTEXT_PREFIX' => ''
    'CONTEXT_DOCUMENT_ROOT' => '/var/www/priemnaya/frontend/web/'
    'SERVER_ADMIN' => 'webmaster@localhost'
    'SCRIPT_FILENAME' => '/var/www/priemnaya/frontend/web/index.php'
    'REMOTE_PORT' => '53732'
    'GATEWAY_INTERFACE' => 'CGI/1.1'
    'SERVER_PROTOCOL' => 'HTTP/1.1'
    'REQUEST_METHOD' => 'GET'
    'QUERY_STRING' => 'r=site%2Findex'
    'REQUEST_URI' => '/index.php?r=site%2Findex'
    'SCRIPT_NAME' => '/index.php'
    'PHP_SELF' => '/index.php'
    'REQUEST_TIME_FLOAT' => 1424084436.328
    'REQUEST_TIME' => 1424084436
]
2015-02-16 11:00:37 [192.168.1.104][-][-][warning][yii\debug\Module::checkAccess] Access to debugger is denied due to IP address restriction. The requesting IP address is 192.168.1.104
    in /var/www/priemnaya/frontend/views/layouts/main.php:73
    in /var/www/priemnaya/frontend/controllers/SiteController.php:85
2015-02-16 11:00:37 [192.168.1.104][-][-][info][application] $_GET = [
    'r' => 'site/login'
]

$_COOKIE = [
    '_csrf' => '57b4d41532f160f4bc422923ad8cb48ebdfd23dac2b1f1f197527f0298dcf003s:32:\"hCV5rLCW4KbZbc-qQJtr3SbcDOvaT8EM\";'
    'PHPSESSID' => 'pls1uprl8gpuas4rmpj6hafgr7'
]

$_SESSION = [
    '__flash' => []
    '__captcha/site/captcha' => 'rufizs'
    '__captcha/site/captchacount' => 1
]

$_SERVER = [
    'HTTP_HOST' => 'loc.priemnaya.com'
    'HTTP_CONNECTION' => 'keep-alive'
    'HTTP_ACCEPT' => 'text/html,application/xhtml+xml,application/xml;q=0.9,image/webp,*/*;q=0.8'
    'HTTP_USER_AGENT' => 'Mozilla/5.0 (Windows NT 6.3; Win64; x64) AppleWebKit/537.36 (KHTML, like Gecko) Chrome/40.0.2214.111 Safari/537.36'
    'HTTP_REFERER' => 'http://loc.priemnaya.com/index.php?r=site%2Findex'
    'HTTP_ACCEPT_ENCODING' => 'gzip, deflate, sdch'
    'HTTP_ACCEPT_LANGUAGE' => 'ru-RU,ru;q=0.8,en-US;q=0.6,en;q=0.4,de;q=0.2,ro;q=0.2'
    'HTTP_COOKIE' => '_csrf=57b4d41532f160f4bc422923ad8cb48ebdfd23dac2b1f1f197527f0298dcf003s%3A32%3A%22hCV5rLCW4KbZbc-qQJtr3SbcDOvaT8EM%22%3B; PHPSESSID=pls1uprl8gpuas4rmpj6hafgr7'
    'PATH' => '/usr/local/sbin:/usr/local/bin:/usr/sbin:/usr/bin:/sbin:/bin'
    'SERVER_SIGNATURE' => '<address>Apache/2.4.7 (Ubuntu) Server at loc.priemnaya.com Port 80</address>
'
    'SERVER_SOFTWARE' => 'Apache/2.4.7 (Ubuntu)'
    'SERVER_NAME' => 'loc.priemnaya.com'
    'SERVER_ADDR' => '192.168.1.102'
    'SERVER_PORT' => '80'
    'REMOTE_ADDR' => '192.168.1.104'
    'DOCUMENT_ROOT' => '/var/www/priemnaya/frontend/web/'
    'REQUEST_SCHEME' => 'http'
    'CONTEXT_PREFIX' => ''
    'CONTEXT_DOCUMENT_ROOT' => '/var/www/priemnaya/frontend/web/'
    'SERVER_ADMIN' => 'webmaster@localhost'
    'SCRIPT_FILENAME' => '/var/www/priemnaya/frontend/web/index.php'
    'REMOTE_PORT' => '53735'
    'GATEWAY_INTERFACE' => 'CGI/1.1'
    'SERVER_PROTOCOL' => 'HTTP/1.1'
    'REQUEST_METHOD' => 'GET'
    'QUERY_STRING' => 'r=site%2Flogin'
    'REQUEST_URI' => '/index.php?r=site%2Flogin'
    'SCRIPT_NAME' => '/index.php'
    'PHP_SELF' => '/index.php'
    'REQUEST_TIME_FLOAT' => 1424084437.332
    'REQUEST_TIME' => 1424084437
]
